989,11127,192.168.0.13
[46] {/tu/w0VMJgKj2#2.QXIX;H3JsCaD<sBK%9Z8cM!I6L5bPap#<Vvq:
[46] k|lznWEK:Wmnc-3|Ez0rRl]E
[46] sM[ssK))2C>9tE,fA;6cKuSnmBVa!
[46] s&'iDIDQkGXrG,Pv3j+b"k[5F6\,E6
[0] JsnsruM-{dCJq?dE!d|W:&D#]9_;c.q
[0] 'cgKc4F#Q$1Ez$R%Q!w/Vy%jBX>iO1ZV1^#0rd3
[0] /H:%sWl.:cCFFZ!kDI0%ZS45vP'YhUow E|/}'W9
[0] x3N06Ezh-CpS-3;"9p-2x}|ZC\(PM
[0] "^4:;3i0/U=}{Ox'j
989,11127,192.168.0.130
[46] jj76fYa* 80zIt/UH58HEO#}<N:fPzF<#]
[46] :G_Kd}J6*5m4rv^"@x =NE&8h
[46] ,H5_b'VDBx<4qxC=i#_Y8BhJv
[46] <jBLiU\>:eP8[P"6@fSr+zYh[KnWW^{sKY\60:
[0] _upb,G!] Jp%FW >5?w)xHLF!y/n&bd"sW 
[0] =*PMneRJTfX(3yh-0t9Z87`k)Y
[0] 3Q F8Y4)K4pg[DW/$OHv"PaVo$;OV94jj5L>*`GU0TXkxK786y09K.oWLG
[0] (v\@]zW{O--k*J,*;GA+KJ5luqG7{@K@S*
989,11127,192.168.0.62
[46] j$q(!52*S v(W 0etW?Xx,7wNF{S<59(9FK;\]_KwWSPqcQ#=p\Q|/dgUaVr
[46] 0CY*"=}7|tdRgVNnGF+{9258oqG}ej[10Q<2nUImKI[N"E>Ikc`
[46] "{3]@XiTnx]YO5*tuGP:E[3vm-O-z2S
[46] l"eRN^9znCYxF<b-.J:,!)TI+;c2(6A09)|#g89Wu.lWKPds6 !7CpzN-`{O
[0] 1cU;tZ8G'#Xsn_};-&)\<)n{z!^r5J|FISa@/6#P9uE
[0] OI.jqc=bJIyOcj6E{d"
[0] (;9=E<)JasNg$r}1%HL*EQ@yi0pK-W+6r^m9{2}x(MbF[aqa,Y'kFGf2
[0] IO38dwVSNr>82bkP/QcHv_U`CGjej`8OKeg1^Y!HMY`zXgf
[0] muD\DAZzllnSxMz=s0J:!'ia0Jx'>Sy-dY
[0] H3YZ?I9R{fE9mEx?b?M$5[@7:YzTn9kRfF.',asCI;\8zpqx2A|G|XxRMt(=Iso
[0] |Y$i!fQMY+atW!Gw $l6-aG>&;1@-1W+jut']aUSm8I`S-Y
[0] amw6&"'cO\E/&pjd6*@1Q}51^L4EHyv+hoA+-bn\[O(aArbq9>?j=n|{<L]dGo,
2756,54959,192.168.0.220
[46] OPmn>np<g4t9$-@M*/A{=7,q
[46] s;NAou<ki`*0r't!M7t-32z4_
[46] 6d?!+.\ah!I=A2o^ '.RF?fdB>|,1-_Gq;H|I@zN[Ek}Wwwq A`G
[46] wX5.8C}_PA:_p5,3QHa5eSoJ<Fv<*"m#Z$K.bemN()IxYV., +[!xLK7/Dm9`\WVz>d
[46] <\o?.@M4(Avb0L1'W8*Yjc_^(
[46] vP_SRgT{A;qt(LOHeZCj'<%DL#2iWa_O4@$fDr}eI,[kXFO?
[0] nu:}ZZLVE)$6DX#|;c?wyi: *h4h@zcJq}cgt1?U:^kx8nwSS8fi>=ibA9ga5fGB
[0] |R*z`C_ZAtG/w<9S#6c1GR\4TS4C&/H?{l;
[0] &[kpmrOyw0Y)"|.OL5>n\cC2Ko/qb=chxPZh^F}WVrzrp*^Y?8c
5385,1468,192.168.0.107
[46] ZPW&m>gY=oHgU#OeW0,WUue/')^n4+]nuP0!o3Z.
[46] DFx`cp3D!8oc%%L&Wc$k;TdH4"d+oc{5
[0] 26x7^1>w> XgZ.Z5N*SN28H$Aq6jB7gT
[0] XTy?vqg@.alJpI:ox07_{#"o'KE B0)6d$U\1?
[0] H?e|nn#5@eMi0:r@_>;E>mtJ49ZKB6"joh
[0] N33!|X9j'xeqFWJw:NSvm|}UH
[0] 9cJ<h[T&NGub/[C6Wi(-yv-8HdHGRYskX?CB6xbe[YIjPm=)r_7)W
[0] "r [Bk5;Z;A;ko{L=zawvHp/)_f"kX])fw De6_AQ<vX-/&KEgD=L
5385,1468,192.168.0.130
[46] d"VG.+<IN{/X"G2(/4*;<@Ro#@K{du7J3m-A4J&ba
[46] O+S%9)IN0*HzZ8.fO1\(Z[E:GOQfD&G0K
[46] +0ac}:(UCxx!Xk#U|fVB:md2C-Muxjg?7d%6:-'x'"y_)|Q' )d:
[0] fk'\,,Cu;tq1^eGRDva
[0] SV\(dcN[j316qAI&rd}=ph>)o9?tU;{DqZLW?7NEdy[W<@wK
[0] W@q5KN-f4x/x}+j|.VHyR2zA-}v8TmuGJh\1R&xf:Cz9Nf7\YzW-Hnho
[0] _DtLj7x;TkK,P}}&C{pxZXy
[0] }_3,7%Xn5G:{i-nO}4\2XDp/&M97EkX^Mkjd
[0] U7%j&{sK)*i."ibOeQF}.T-^eX0#j4:AKYHQpW|zagD l(imZKl$!5bf
[0] x[RwL$/MW,5LB"; 14Uc-t
[0] !Sm-T;/Sg' {DuEyb'YQ+QUm'>(d1>EL.NYbii7lpQiPHJeFR[xwHigi)
[0] 8O8Cn-EW)[2yuhW{z8HUJ.)<-h3hD.ev]9;MFz@jXReiVXfRp0C
[0] 6N-5`.0OKV#$cel7)3ilj(5+Ccw3Wgm)
5385,1468,192.168.0.205
[46] %t4`TuBbm{dwRW?=<C?::[Yj;RYIe H&0\fdmEc]\cVJVuh.:CIo:>[Up
[46] $RcHKe{-]d-fGlu[<Jc]eUF_8T_0_89}k8b8}__w_m_(upc3<b,=Sl}kB^8>2Q=}
[46] KZNO>ob_v"Yicku?QE#sCKb@^6Os'YzR5J>S
[46] 0rZ!Duq'ka#>UwF['1f
[0] l,%=jO?i[lA'?PY m+=Z6Y
[0] &L2c<"_FV"i74YSa1{t<;8&A*wk
[0] \<D<;>hzSkT>S*LuyE,H b{.Ij\"n"
[0] XjKP.S-V)[x{ uRZnZnk6d
[0] f(Fb R6rBo-SGhr{s,`+%3
5385,1468,192.168.0.220
[46] lAaStC&1e'MDX\}>{bhQ2UMB5T|?GmDP0A%@e+kfL:FA3E_0Cc{UTJxj!2Eb!
[46] SPl{5aivBX"9!:.#(f
[46] R5JP!)qP"q_*$Jo,_TPO/(TG
[46] 1;ZAvrem>JtWDrsX\20LCy8pkn*8G4RrO/6a=7PvaG
[0] ?09dsd"4'\;rT}/cA3Btoud 8#8}J/&i?
[0] {}[t@X3y6b[0'Q!XW6G55_nn8
[0] MwW9<#o`nU c90?&Ps'-8D+\=cB%I0,vC
[0] ONNAE<Ewig:aU[S[nmpY$tJIDvmz!xePH6-mRR"WUWTFN)=?20xQ@^6eW%ar}c^
[0] _.7wy/tBx8wXMFe/A{Q*Y5bA2}>a.%[nN.#I>w'R1
[0] DHy+s'sHeg^Q|AMy.]
[0] GtrlV0d /VE/lebyba0;OTBb-zL.z^F]nTKF
[0] /]adiOaL:Hf:(ljj=:K&S].fd5xp;.}dkzJpL-YfUA<wI)}fCd
[0] KC,eX^Q}POVj.l3VylzJ|40=O>.b%w_PV'80e%0QU">}+kp&Y(jq<71'U?jtR
5385,1468,192.168.0.251
[46] woDX'n2N82#,*-wJY^}F">#;h-+6eqvxb<R&FdTywW'= :hty#<7[?REf]
[46] KuLd'zocQZp)RSMJzqVCeH3*??=_1X`\iH\p^NU2DbUv7$]
[0] 4*TbhZBN!@&?:5ky"i(A-S?&ZcWa?
[0] S.7a&{uzrbv]MA*U#fWkb/ZH1]BGD|e3,8tL5lI*P[#9}.*<taDrq:<>
[0] 3}TcK?=n\BW0}2j3+&+wDxUKp7F\l(
[0] h32C\)6],:QRR;AD[Ukk!1q<#G^Gk1(U^
[0] _71x:rTeAU"7JdC9*4Zu|6G|bKa2r,VSD
[0] 4lZi ARpO$Y=AEd12379(_:i*
[0] $PcF4=>sSz-!.WrvH&
[0] x>x9P,dET;!yOB!5flhC{%!mjc,iwE
7990,9993,192.168.0.123
[46] O{e?2ob-&,-g@&<Ce+)')nV1s%!]:p4im5*;&(HGOp0ovfNwqW:6a-ap2cjfU k
[46] 9dm8|XA)n8G7CgvXl[,pk7#9<hv!XY9-ZCEX{"{';
[46] !#$MVHhiZg}UEf(jY=^[9(QfzDH 5w^7zcdR-iX#RqY3Z
[46] dB=M 0k)VWMD4nnKuL\*1PpU\!%Pm{sS?3"ZCmc5`LYt=JBN2 X]jJ4HKS
[46] 2DxOGg5Aml/&z|>EK\bm][K0r\|N&{tR[*#$q8F{@U#=
[46] C^';9PVl2f4>pj=|Vyn%^hFNY/eE;^+^?L5X
[0] qyOXZ(waDX >s!Mr5:bjXq. X0A8!Q5.g f])y@gS@'IAUWq+UwcH'c"7@U8
[0] .I%e?&VU9HoAb6-' YJu]a9N!GZ'-,-
[0] gf(&IrVSA>T\m
[0] _6|0rlL@^LZ/1.{P Y_F$[$(:y2Z?re +}J}(w?"_5KpCI\]>W&]5Dei?3Ex
[0] %%!s`t"s3^n*.@"`Sgbk?2IskE#-8p$>2%Mr6P#I0.mXNoT$X8+4dT)R5G_NS}(e?UsUA
7990,9993,192.168.0.251
[46] Uyj/LPI}NB50S[S|OSkJRj?A!E.XG!u8zaGcMqb8O3H
[46] s\j?pO'Ec[2)e>`GjwvQ+De2gR Mm}hb\T$h%+Ji"\.gz+J"$CmIgU[jCuT3u>uSr5=x
[46] n=[IbIdpE2fq4!"liza\!@/];Z3^03B P}dOcd[DwC8-DT6Jk3(lnQe+Gx%W
[46] _Nt+"+?]|oL}gQS-yr0l.J).Um2,|P>] 4i<ZDyr5Gq94FFITV7b=@-rI?;HoY'+)
[46] /,:,Cv}-.$,_&i?dCm;Me$+V3>#7QXj{d@))RCQa
[46] i"{!DMdku![>d%z]RiN4H/ceQx3"*l/t*F1hsuU'vL
[0] lprV0%7;F<S}S9?C6xcy`0!4d/SdB8<J*K";P9p2U_2DxQ#0e"Ea3Fv3pe34}P^
[0] ,@;c12U2|70{*@7}j_0<,==kA0#N.S9Tso9@#nm!A}|K@PdF1ub>4!EU1b@Y
[0] TqiphN:}<AxDK=304A?nX0Z>J++%j!WZ.\M2-#2I^F)+c=;3^t$S
[0] F'\eK"3=|h'awCykM^dT"MI{$^ZYFsb(6@*a]=:u
8647,26619,192.168.0.182
[46] O`tVba) GQj7|N_y2R|FCxbAuZkS'3hqtx
[46] 7r}PAT,v]oZxQXjp9U$m/;^Sfkp]TMOl[NX8>d0|Uj2C^|53m9"8nzkVg^6>G!,>
[0] x'd<OZy?T*k`
[0] 1^(t'@:Y%z\g&'/VbG[z.=yxiZ9P  7Kx@B"zvu
[0] ]eue:23-oOKB'+Xp[1WL{^X^SO=
[0] h9R'l?__x<s4x b1}1,ISSn`emk&9"e#VSDD/%%)A4=U5;fNLr
[0] 9R0)mM]+oJ`Pg:_Y<z?zQ8h)u<x84
8647,26619,192.168.0.205
[46] l$fk0$`3T!WI(0QLCm+1FP 1:4mdgS pWf]$&?Qt[*?cT
[46] s)LBa54{w82>Izv:|TL!Cjw=rW,[H[CW!+y|@J59bHr-^jG\@/w}6q<*JI
[0] <W0,7aPmVHexp.Z.-hgITJLHMY<ra0a #q,;ov*GZ+AMT7ua;
[0] SW%^=4"xKu&M!IV,be r^Ju7@"it(7-\*LVa{suHj{uk`MwEN3
[0] R:ey5Llv_p5Gk7:
[0] cXbR<^Rh sa#QCj YRm|/#EY4R'IC</(
[0] *NH&.(0*44v&HGfDX L_c#NAk$S$W
[0] iFSQ3g|u/d{ IlmT8##ksEkW{i<pP@hUg>(6'@-6&D6
[0] pFUPPI2|;3+IL.c/!KFpK.erb#T-a6$Tws&c>S{
[0] xDr:VlmW%%doVwwGiZ$iJ:}#D
[0] S/0hBr8GdSU?ux{C:=)$[-;BW1dt/@fbP2g.&!U&n-Ef'\E\yNzp[75Nb5D.U,
8647,26619,192.168.0.62
[46] "8s.m3e0<f(4#)>j42:p
[46] _-4nAOk_g6lk!O.k5A-Yyu?.iG;OZx7;'
[46] brB/aITV\7br tL=&n>?tZ\YNsHT+D,*RhS5MCk,Zi
[46] 791#1N-M>s(S3|A<*IL@,Lao)|y,8&.OYZR&*_Tbn\Q>u
[0] NF!/p32ds-3.P
[0] y"tLMnzDJ PJaCMH`kC"JI>q|!-&#'J|)Zdpda70{#u
[0] vNe*hmBAflq9HC7+(Ar
[0] I9"h!4IX=h+Y)@QQ(0(iaE5jz[IxnX.S.JXI^##8lHquh^b,*j1k2FrH=
[0] sP3n'S@SX%9kEKpd;2
12265,13771,192.168.0.107
[46] _UR{]HMa4jE'VSJ$!pw|=zt6Yt5]grtHccFBG/@[y
[46] Tim*su0\KhHw|"Bkr|gxu"_"xCk6;G$o3-5(%_ PdI
[46] sNyLhb!U6 u@6Cy$(JwAo?@/D;&}n>6d(1Lq/gHEgY!9|7
[0] jiVP>P]?Qh@$)Y !Y\n;gvR1\m?[B1E.z{xTNrs!\P?!+?" 7,;!>)2
[0] Gncw+;"bN4wbEMlW3V^E=qd4Qlt0Y5K=?K6efRIPf\4GE<
[0] 7Cg]TZ,% O j>VF4
[0] lhHT(O:$[gLxv{7)K,uC. 7o^^R!'V,t@ndHY:M6$5162b?wn7<87SC1M
[0] ZkCA306_$#-4iqyL[ki*r^wk2;"lsO$
[0] ;MD/3PZzxNT}v\)bn=b8`g?)$$3X`rb7[(F+r"AlkvkcT0GDhE\J.7m
12265,13771,192.168.0.130
[46] =tzGGM;ur&t:avd=`S1*<+Y+F@%A&vNC)K&P4BG(
[46] mf.V'}Z7F-jg]JcrN;{nKI,Qi $@K/!:1/p9/fPo
[46] ZBEqj7=>.c186??&AHYUC?hZjW^o$uAy9"(%:_]b_+{1d<7
[46] M[6+@%%5mia!z_(B91f:Z/Zc&-*NDhvq_H8!MW6<\3
[0] H/fccyl\V/6S\67UtoBM=b1g^F
[0] 3"O]af dRFXrh=5>{g7vD\>l7[kzNi5{'!Zigti;=C/Az^zwG3+'+
[0] 9z-D@_l+c3Du(({$]<W3';|[|SG@Bwdu0q;PlD[RW"cy*`9$8pQ?Giz_
[0] wZ]gU&MK+raAyf+,Zm'J*ZK+J$3?#KE7A$ 3Eg^j
[0] <0AAN{9T'nPFO6%fy{[WVPi'(Zq9"W6Y#W6QTO(vYX>E*C-@[$w3o
[0] "fz+*YzIX"2C uWL7zi:"nU`Y1_Kj3Bl5X3
[0] yak2ha|cX2#vLEV/y&mJ"S^D+IBK6XlKUZx?
12265,13771,192.168.0.182
[46] ^aPu)lx#[}pGHEe>JOCD)q)zi4X ?9 9zP0?YD\PCN4(/y`Yd%9*vC&aW_b
[46] 8p[Q{Qt7!(_(h`mF8("+NXwP<p2`,
[0] 7!6Oiw.[KcxHW
[0] 4Rk$5T:f5[ZLk?coD>-fG<*?.fu2G#vuU}zkT6S%-IR5hQ&H,M0SjU.4W@
[0] "N(d'4/YeXrD#?Iv100Z^8-=Sg(5%b;'M](Tq7
[0] ."lzBsl%z2B=9{?nCm`ysC/lAT)OaWdosSkRbtWy(5R[2-eU6
[0] sj\_hg4\l\Z3.|W>.Il%2@]!+"A.TePIR.D<ur4cjo34)jm7PuW
12265,13771,192.168.0.205
[46] ku0[Arjd[Y%IbD.+p9A]P/g22IECpiuw`'n=6Z=-O\V3#
[46] '&,Q-V8w*lu$b1)vqH<4|po(b7&Ht'X
[46] P<H:b1EqOK?25i#bSOWLJ%3
[0] Xq/]/g\xDC0J4hZ
[0] P2TVoK)V|boFX=H`?r/y%)c>\<5EW|0C1dy<K$.I#9puWTWvcf
[0] 9Lp>1(7?u1&w=68?gS/#Fa]uNpVRylaNTmmeu&@(QF;n]SJ`)Y OW]`Ai8/ @pOt_
[0] KI!{%42U{]#Nl^t6cSQ$\C!
[0] h!$wJ3Huuw$99sM$V3wQt=$2IF"{+dns!.(eBP]SIa)|pV"Hjy6zST.|zJ5'J
[0] ZZ=z8yT:j+l!/hEhW&<N 7%  s_T/"ojwH"KCVeJ{SK,Wpt03Lx3d9MdHI
[0] FrW"&R'!W=[m(mKXYtt J@Gl\ll}d.F,"}HBk
[0] u9d1J3>Q'e]iGCieerK=.zlYA@(#WPzi%`6i0n<7o5"8s'9Z6dw^`"9=B\
[0] +{sZVvX1KA0s)l1Q?67]bTM,.AZUmsKxpZncmH0:&A//IZ{hq
[0] Y$I>hG%,wx2K#c<k8(4s*2w0e0C%i\%^zN}dv>,+S>pV#I^VQ.K[ADkBn0bs(
12265,13771,192.168.0.220
[46] qKbz|:_ui3BtqGO#
[46] ru:!#yI954D:PQOboyIa*)^S{*-!!hH
[0] 9=nu-TG_5BOt,CW4JRCe>B5%9phoWq%p1/gX}J:5m%E
[0] iwUvAE`2h\Vabr$4N>v\wmSS*a}/q`p\YGTz(PH,
[0] c-,p9/ZEI?a|@x&qe@epKZ]ShQK_i}ch-+u`TQA p$8L9?? _&
[0] e'r{l)?8cU 30MY:YT*|swxj$sg*%Fd
[0] p!G:ZA|7\fk`1dag3Cg{O(YnTlQKkW?xs"4iC3";
[0] W5Ear7BWJPjRerf'`IZWn@/,UI6a.oI"&ncxBBQlrWZsKB{
13063,10956,192.168.0.123
[46] x)L:V7QH]K[|3Ft;eI;JJt+DA @2hHebkN9]ej(^Q}ve_m
[46] U[}.[G<S{YbEW?%er52L9z-Z>EX.$,FY#E#_(YN%42e(k&
[46] c%bdc*BXyzt0Qi9)iU_-p%ON
[0] mcS4ZxuaA!,gjd0]dr<qh;q)j]K:f$(
[0] (rClYt`QP,hUwnKlZ'8A:2q\9HEXJJ.m?R[4HWe
[0] ?Y\HX%Ccccj|6cMAFQZ^s"\[hgi4BNB{) E|@$a%gg
[0] /0S${`&3M.F0
[0] Ml=4vN8.Jt\}N6rfX.horRN/7Q*:#o2j^O p9S!dcw}MJqO$<:0J(^YYK}
[0] b{\Uy0'5lZ,s|OL&_MSHE0EWqM{ixHjv_IN[sU,aK9Wd$%j}S?
[0] SPV7KqWR>jM0QJ
[0] s\T>BaPOKl<-@NG=UVc2QhO|!bo3]T0R2 po|\@IKwpkGSE8,DK].6
[0] AT>`0jx;hRb{t0b5(=>e7&-,<W2J2c=nTuPd|d;f89cHJa^R!8TRY{
[0] &)4exb=rbm4|pC'JtmE{Ca@)V!G.Z.kz7!aK};?aDnyPM"
[0] /rn"zo'k([AKR(72!Oxg^??|fp0[HiMq]=sYHz`Pr=7FFNra9mKxHjv0v
13063,10956,192.168.0.13
[46] #K"MuBM|u;[q*K|QfTa^}GQ*8WWqcCLfnhP!-} $Uu1y]/ME}J?|r
[46] e1r--}LAdum#e$feNM)[wfpX8/E2
[0] '6p0`$}4]CJ9e+q"]x+,Pi!g'5Rw$1a+GTUCro
[0] J^DPQlDqqeh,D;+iO7Xt\ytD]f8_
[0] i=YaZ:5h8!\zKO$+S#glIx
[0] >e+/ZxV#|D1zTuUl&nT7J\ry<='TWo\1W#@M|3j6W7LG.#
[0] /^yes4ewajE(uZJ!FT[:Yf:i+Fd'v2Q'pM("{ny_ZZ#l6N)v>d2wLL
[0] <xa!2[xGb.={,ai0hew<I/\-[j?i-"bc6_eb=yE;)|8P_#zd%s"N%yuz!Pe/lcr$
[0] dl2Wz+""2b048L\2";yc7#wv&Zt.Ma2Mi^&fi(
[0] [jt9D,gh`IyBnWpjLB<8>T_.t%Kn9L<t9LI]XMaTvvwfOiR8-+jLyKto
13063,10956,192.168.0.130
[46] 5*M_d$NX7E-L}G1@4:R`r&I)O.G+A%pp/Yk/]<h1a1wzXDWlx+hlK
[46] cp\R^ZlJf-(f:w>6cSM9ss0:Xd@i,2K+%)^c}L/"sQh0JC`/v/cl$/Bvtb|"tIGy
[46] YIJ%9R(=hdYXgI;'@T^pt\7 /
[46] oYX,1N!L$BT(Ulq4e:j(I"m[X[.ukd7v
[0] VfhI^fKhLGzq`vghxp7+7s`YY
[0] ^cMOA>WS1u;FjI^)/qA1J>d34n%0TRZNQD}/bqb/h9UT}O
[0] w'v-`{[lfNNd:VTQZ/kxJ{T{1G!
[0] -hhvqx[#G"PEnm:emtzLP2,HSMHAy,}(tg;$|v'ExX&%GAj67"|$5DL$rtE)<^1LbfP
13063,10956,192.168.0.205
[46] ^D*w6Dc?kp'I!V6K6Vdm3_
[46] i>E!Xp@RbV8CVZa"YSgd>luX82:7`W"KvGfjS(X7xptQgXS\G<B!
[0] $x\K56x96UWk\X!^)knP/}k'xCY?tf84a0_2GtKwK
[0] GX)VvM\m.;Y`[n|d}( 0>^q`BlbbLz(tnKf#xDpB_e$WU"
[0] QNw_ag^5_KCz/7.CEO]!$jmyW&+\>uX
[0] Lt/)B*MV(nP_I6_:c@R]p]
[0] wy=0,OGu}##+96;FO}Xu*U!ekVX
[0] 8%gTu4zOqL[?NVJ!aw+bWP\DP6xKkfw%k`Zb0pN=X+vB{CDxVO
[0] Ir> aovPFOQx#D8(d1LS6S/y2@g
[0] =QRjr4q0o4ftMlP,E6n-ewkFbE4YK"4hm"na6b-'2s
13063,10956,192.168.0.220
[46] UO+om0@\2OyIYi>q|?5A[bzGw[o@7%8lo]x^m:<"iRK^=%k
[0] @Xo7J6j_No@@rW@}.U DEdryV
[0] tuO#upcXS.f-1.rEGT<mQANw"E*?bBuX9FuJ9[%(%k565)u\]3eJnPD,1hfs,wg_@_+s<
[0] iD^g8Ou8uca<VF>L8-I Qd$`
[0] CX`AC>f}>cP&'<AI[&(6dm``R|<;)V|L0
13063,10956,192.168.0.62
[46] ?dM*Oe;^(1hMLMZwl
[46] )KT!bj#[Xq1];|@T#$JDcfp?C^r}}/0C[ DYka6_Ua>,_x`}8GC8/OWlJe(It
[46] _/2MqGE9-UY\kWt\]+(+=p<y5B}we8>`aj/U3U
[46] UnZ0&$m"@TZGj.gDu{-t]l2No%
[0] uG`rp&6GU_ 62y3)#<QNt4L7B.PY!7^
[0] B)M^wO,Z4 k8u@]XwVi+u r|Y%Sdb4?@W(:j
[0] TpkB NZc4k7F piJl#odyXZC?8&w|86m*=K*k');/Zb/Mgs
[0] U['\>2heI+A\nNEpT<\'
[0] Zie^1]mL-\f8La
[0] Z<wx$mBEMQkmW]}'DSJ+h%1O\qmL}a_s r*$|LcK P:qJT
[0] (X)>j,3B|]{zN$ue8S`oU-g<MRQw9=9[v
[0] :Yn.kNI%!Y4w%v>/m3:*p5g,\NTr]''xz2Bh`l)aG=ZfO
[0] o`mPpD=KEJ}*9{xz77a1{M9L.DvN4>Z% I
[0] gSDZE@5+!:yIbs#@GMFB3qyy} H\N;DQ*h.OECtFwp+u!IQb23'F'<
14051,42176,192.168.0.130
[46] ZN H%Sz(z1,!#F0bDEBd,}homhMHsKRjzS4;(0D%Aj@^MjBqKeqWduHS
[46] MI+OAaf-sVmpl;\mdu0)I5|D+|h"hPUQzz<W^$d
[46] 4QsAsx%M^A?T;BJ17lE:t\V)&fqkmZn$-d_#xdPXAo.]MX
[0] X7YO2;so]Zr=ltU,ZoX{IGg!YJ=^rq6L*+{V`,GYf<2n2h
[0] POpX(Vg4#YNVWe:xbS4xh@#w^g@_e[A7,N+O&.c)h3yAxOV]$jq(F0;&3ue4SCKy-p
[0] TFm!ww%(G@7d,bj0Wiu]L\$T&a:`PDG&&6B}IGA-#r-/pw?IcP(KHF!
[0] q]N_Iq5x|a*GS7Yk,oSF.Z7Et8q]\kmOJ>J/Kz
[0] Q]"BW(cf`TMwor5g&q@ U<le8fNyXyd+sggfoLNk<8eG,zJ2*k3y);`[=Jpu`
[0] 3Z^Q}/,Vy %H B-NwkyW[?L}NKk
[0] riDpj@P|e&kf(#7>F[0kVC(
[0] T3vzy[B7!4rVfE`kS/V[c]\80Wqzy|}O21f-(D^)Yl_[3\b"kT
[0] Y?:&gNPO?M]1`N no|=w@WNT,r*lT<4I
[0] (N>#gZguE,7F9V770E/*Fnr
14051,42176,192.168.0.182
[46] Z4mGTid==}@(JX? t/(_/]3FWs/,VIY3wbZgN[@'
[0] 3FgRq5qXrcY:}d8{3'\(zu<(0[.Xtb]C*`u8uhpige?gKq xx\"0m>8:yFr
[0] ,+^g=1U1x*'2MR11W`RJz=NEa8'] j*Fuh/56d
[0] qC]*!iiQ=&)va@zbC',!A|%,#=|3Sp0FO)jQsp$L2HDs$ZWGa c$8hK;'Iht
[0] {R6fqn'6)k&I$n=Y-<N
[0] {;oj5gG&{$!r=GN]KU#\lv!R07@sE`D\{5HL8,l50
[0] Zfzly8DVPFWFF`kKc;R#)Rd1'9K4EU4!WJmmbNENt|0Vy|#^So
[0] "7.`np3|`xc4PHqUD/O6x4
14051,42176,192.168.0.205
[46] LA[iK60[.rHS&
[0] -7G;,SzMg;zyqhP_3$:9rO
[0] o;Q:1PJg{$@`|b<Ngp<<Ni"C{Th3emep*RFU$p><1y|/]TwFaP|
[0] J>\^xQP734m]Jqt6E(gYps^Xs(j,pRD=p<7kmh>=|-zc
[0] 6yS|C2L)^P-"bS8[13/?/c!iEC/Naj(3e[1D*xNhJu&HK>%vl48749<svKD
[0] xhG{f*9%<J>NRoR ]ZH?/n{`
[0] 9PAN-ZVuA6:S0ZzzG^8/KN)x+PEQL'=er^O;;(2vXMehCa k[S6)#
[0] 5kpL[I9wOwAc*\T2U6ujI8l2[_#S/0c^8pGs;zl's0&}(tKw,Bcp[Q$R
14051,42176,192.168.0.220
[46] qPVrk3<l_]"gor'$WC_v+6N$ zSk|9j
[0] 7v^?61Yd JXo?f4"2.y|vkAcW/vrk9w$1qCa$8G$b;s=
[0] MnyWRJ $;) FG0^(w]>J'i RMKqc=5.&%*^q
[0] vH34jGxiMmb9*XZR, 603,/pb/swkH.}pA3viG|RPz'[T{/z|_,1lV
16871,55345,192.168.0.123
[46] N-g8?U-q-P8yLbZ
[46] 2DtwJ703)`oJf"Q/7@8-'vVq@+aU#
[46] S&9KM%4=3`E?Rc;r)/66G`
[0] Vn'Tc }C-j4bX:KZIC3I0"T6xHZJ1 Qhnr>m/W3V]a:7{!q`_@,+]`AWD|=V8
[0] LWkTD"ci.+MgBvs<;*e$:Rk<;a&S2V$^/+On-NYUY(>7:3
[0] u<wxH9t#-4<n/<^HAez&BJt+Tk#9Z<-kY'!=
[0] x71Xa6$)Fa0,SN^CKf$J<xg>nzN3*-S?D!w'Q7Kw4[
[0] E1#NFl%:w30x3)LFMc>kPB:N
[0] ^< o*aQsgb$V]moOp"3Mi{">7l\J\tCV3^G=[4L^2j7osB[fDn5I'Q#X?y$7pb)%
[0] WY:!"+`278tz[)G5!tOpkn"5u%(TB`g
[0] M<O?%FDZ8.P}h40ua<k"hh5*BbX
16871,55345,192.168.0.13
[46] _z/% *k3U}m'q;[c].s1HxIe
[46] }mY*zr&le+??<V0v<O8XV#ou.$;
[46] !Fa!,;K:gRzZb[>cD2'4Usdc_)D.e]*#?'>LBi"E=|;;ss!
[46] 07wdg;.(-/Gl*F$FV{6W4`N>)1kV@tDPG=Q0X_S!*zm4C.u5+
[0] tfde@9h^p(*vCdOvLa8]"&g]YST|
[0] 0d9)[0K&hTly9?:.ZrRR*7WeT4aho25;whDnxou}`}xyXNCO\u#fIZg9+e
[0]  UVv{6]Gd?!cN*y#h48'g:B A;@,G,tG{gYy9S\}r]b\g]yk-M/t#QuD(QjO
[0] F>y1].pqP8'b4!0|s6%aRqBLnz@_-:tSX+ Q:,Dj^ehs#4-2eLsS?8!IN\+[v!
[0] F>TC8v6kNIjV16eD RX]UEW*Fob^[<!=tpz.h2yRv!+C7ph7D\05##@c.$DjZ
16871,55345,192.168.0.205
[46] $Q3p:Ote op<j- <]bHWF[^/$l,$X/j\z hPiy
[46] S()zfJm;2:;pu
[46] xoFfB>jI{v3r2QV?^{)oKQ8'j>y$_44s?[\|5HGMZtAlGw-AtP3[#K})&x-eH\[$S
[0] dJN>),Y4KJH%Q
[0] g:yg)H7.H$@E/MWRF6.WcL}'
[0] BGZ4ze]$4yIAP^Y^WK&pX9B[s2=dz^N>'+R>,KBA`kbLeWFY%LKw
[0] OX*ik7Y)uJ[6 IjLuqu)^/|7:t\}Hzr
[0] +dy[7X\;A!NATo|Eqk*zGi([<GQJnXZyXVpo0NFki0.@;G!
[0] >V_?*$.=\I: {<Q[<}nGCJH&ALg./6uM(WlLu7iSz@m
[0] RsCd$'9ZGC3WF?}e/b-1xotf{Ih,Rg2@vVA{wZW
[0] 2oRqnw0w?y1n.yWfmYDdERMcwLYtomX=_F0iZZbyU0i 
[0] LZEwUNf*?+b/!w@MNzV
[0] n\fH<;3Z*ni<+z^F`Ou:K2Y
16871,55345,192.168.0.220
[46] YGp'Ks|0kN.]}2Z9|N}Af.4;F,=m150&v<GC1_n8/|u
[46] 0&EH8:_Sga0OmxrT@.gRID^R>nJ2W%,#+Qe]'F3oDCZMWN=3]
[0] )8I!)ibIYm5Hz82WW&
[0] rJ*iea5EKrLZ40:
[0] T;=[1vs+/8G|Iq;[W+1f7Tm7T$r[9#t*XMei_t0o/r)XeEP>ja@=80T(
[0] D`TW9IfO_IvxGyB:|,;++_"W3r38!V
[0] 3.FIJ_a`8X8<K$|]{s0QYitm2}!\cl8w6^Ba??]q31
17918,14781,192.168.0.107
[0]  9/! xlo"{o^hS^x|#}|iBE@
[0] 'pwM?qCC9V3R[CHw<&J+x8|f':tq-eP4qc{2WAop3>
[0] q?r35rM8yKU.KSteSN,rF|nO3g@GZ4,gm 7>/
[0] rR,o.pOj3so[jg;Js1@!\u+AOoqh%rj3Fv$ThnZ{cKYjO0PD[q_S
[0] HEz\}$Qlfkl(E^T5\}
[0] g%I%MQ0PU3lV%-k,,yn!{B1*6<"m{'K!G0&0|6zmciE%22KY
17918,14781,192.168.0.123
[46] VnnK!`?_Z!@,JL6fSJc5"'jH1OEY]:F6E
[0] /+C!;nG]r37J!xH&>0T!Xc2>^RPHmiv9t<:KF|*TK[!LVcR0sC1N(]lfKX1;]C
[0] '\U*pq6C49QM1Hvl0Ll
[0] Urmq4E:n@f_-g $/PiqwR}*(G
[0] bBO)4N@ct8u;W<@vPz{iv$Den>'ukG`i
[0] /xyX}xUt>l[,H4h^KQE*`;9Rv^H}.
[0] 3n<8XT6Q6>6Y+4L%M9K5` !Z:+Zy}3LL=heu>7bUVxJ{.v"uKM,-gG#=S^Rl-!;di<[
[0] %RnY(V_\ih/hccAjkUh}aR|:fvv^`>^!piZxAVW,Z"0@!R,lC0'&|&@d|8
17918,14781,192.168.0.13
[46] {<ZhG#)gzE%dET,JHCLvw=Hj_b5%R*`O`WS*
[46] ZB}pY&^K_y|Vr+sAW*wpgjg"`/HmtHlPjk
[46] Jo@mfZ@Eb3|oXLgKlc$h6
[0] %mp"L/V]Px8k5Ar}+z=1
[0] Vj>Qk`W#<}d-yoai]Z`sLwoQ/fIb>'`tq!ax{:{S:a`OlCUf
[0] T\N?-{!t[f%@QyD><U,raUM:n`+]*B@^:n}G';Wb=\>*WbI0:U$7F
[0] @KWJ|Qpn$%iq=Ne{RTQT&Qu<2QnYL:A
[0] se6tke\4;I\6$(x4x9pK:_B:fon}QKkF2
[0] 3m,aVE32;NMaCnRM#/3\HN%#!:ux36pF%8)u^=Dy'-vJ7
17918,14781,192.168.0.130
[46] =4y}QJ6{U.OrA,EzO[I/Zs 
[46] .Ws+l[l0CxVUk=>_bsg[Th)$WW>K_vW)P
[0] BX.CVh2BJ6 3^(@l0Q-ORLtB$gM+IVik0w0#{\_Gs`tm
[0] OpUg=pUN]poD.&Uk`X{]ntt']37YHH^4:5{X(l(ex
[0] #GG*U(-k<zMn./NO#aH_)OP22vU3a/x!pB+adRO<h8-vGuadY,Fb[20)+e<(1
[0] WS+|Z7/J1_-fXw;:vl\
[0] ?zPDRDpm&b2.{K! n6W9}h#V"fA,u`cQw5uKtgTze"DbgFcW\V
[0] tpC@:U?o_ ,SVR/P:l"a:fo?<z' mI
[0] Lh*p]`ov<*;]=gN65O*[GBR<kahQ#U>jYb\
[0] GF_e(U-&5L<9lDevsD-O4KBhC!UA;3F|s'c{wq$HYZaG;HZ0(g`=4$
[0] {^,+J#U/l2JO}P-.Q_9[uXkSG.jn6{LM[rrA1JP}v6iugv%TqX1i38>t`E 2Bf_:Z
[0] e!ZR?JxD.]:")/ym0(1s32Qxh;$a
[0] {$'`9Z+rvqq9*WL[r:c&8#1F)a)@lh!il(KB}qP1 CJ*63"*M!Je$[G.>Ph,
17918,14781,192.168.0.182
[46] )=-vgAksY= GE(
[46] g(ZVONnz`"CY#!:@^N2's(tkMkUxAu:*90
[46] OXZmG$"E_-mK.1&Vq4$tqV\k1qD.wDBH||R`=T'|a1c+\i|i9"`,r>w
[0] {O&8^XAB"JWtG|U*Tj)=#E.N@4tM67&Mf,!
[0] .2Q&4iRuOL;=It:=;"*%uc)]Ih1t)u:QC
[0] > =8"ZxX\PU9w(u=)/mVf/>##iNsQs[psxD
[0] us13/Yp6EOuh@`6dvo9>'RK3h_a(bKqYZ$)iw5"?d3)'sY'kKAFl/-"4l
[0] QOK|,IBRO[GTT1{<g/+{mA*LX-fO\%M/n4-zwOhIG19{C6SFF^C
[0] kdc6i/wAtb.,mumZX-S1<Z!m@b"[cqjQqPgw_z:U^H|hYk^MxM_Q*`
[0] rRHdwO9'n<1T\0DyR9P|^5vAcqIe,5
[0] 2VkyWWP;#7>r{blCzQq06OYZr2<,q;I@r6UK*A"-X@;p>CO;t\eG-@=!RYG
[0] 1fCl&ay4XF\P7-lGN}7q?_t]3\+`Dp)
[0] Jfbp4^Z'$B$'e7K'Bd,@ROC-KPcE6h8{P6m uI'5'+Vl]$t;$"[qk: 
[0] d5.$fbyGBl(=))B;`PX7tve/K`E`'KYka#+c!AFCIhalq?*no|'!
[0] 4_b'Y/e+MZZTQG$DHQ|wS"F,m<if#wrQXqr3"YXPO4@<[_`@
17918,14781,192.168.0.62
[46] =")?q!y5^H8$hs*8aQFZvsgy$JnoXKI1
[46] `e*PVMDGA1u`7GE0x$>ql8Ury[0KYi-;P7')eKjB\|>sEd@?$xMpL>!ay1.o
[46] MryW]@qhLJjhV] I}glEy2`a,8v*8#[e1pXoMesy1_ch>cM
[46] ?MB>E*AXN>EF1%fg,02[s-p9}e'a+?YJm8%4B`lp MRKR:4xJFVYnbr)Iz&U;`;*4@XV<
[0] 2 $f0=".^{!j?vEb!qw*AN,poaKm6>(bXFdi}fw]}4c?,*=H8Pls xeouLxGj"EE
[0] @|ZibM//u{'._ x-j.!m
[0] O:)<_/.5kd<#zG/w2gEsj7["n*VU|cMg9p?x!g/(MK+I.UCZ>$PE
[0] j/)-F#g}]"&qbf[E=)5Zi0SN)1b.[4`HCiUi(Y%f[EsY-P:dsiAyz0I%BG49vt
[0] EpR u fn"o_wGST5(zB8L#LEc>_B|^NDP"Da",k?8M8y<)1^%SvkpD3o}r4
[0] *.0a=Bc=xgHr%Mtw25Qr.aS!,1G_m1awY-t3PZ
[0] )ap`W*lHm)l"0_#ajsL9vUW'|yC,>qj
[0] sHrki:Z# (o(x'}Sa10cD:"O
[0] AeLXWeX9\xE_g'vr|e
17918,14781,192.168.0.9
[46] H"=(/{jd{=wL5.CHX$- U%9E!iR9CZF'\}Il66R3mey?/>#g\0#3
[46] b?o:q;"lv95Ae{r[T.*)w9QLf$Ay3{eu<pKI-hQ%#"F$}:ymb&vvYcDBh!W78X.nJt9W^
[46] FJTV>1^Z>UHc@\/FJDW"L#^-&rOX"5_I_P!:{_
[0] oZ]*N-,tO`J{iJ(^lE)&/i}au
[0] &Wl-JIxyYM2\FaC-AXEu##Z5qTlqCq+cJwptB
[0] /wUQ 7IC}v5l\D(XQP^]:)vQz8%w|KRG^)x^Z]=YVSGNwP(e<f^p+V
[0] Vm}u`(iw[jF)>m-'>2@
[0] +:3Ell.ba'z34>uH&xUY#{'P&fEG8}]CSp%A_M%
[0] Dax]SN\>Gk{|a?p#uyg)4=lDA%wDeKU+IOi| a<aNS_KsRN&MQ/|n|B1=UV%=GJfvO
[0] l&MWr$'r`2XufP:)Gphi!lnNDW!x\bldi;=wYEl;q
[0] 1z7]c-VRke>oC#h5B6aA}Y_g9)!_mxI 0z]t)Pb07<<u?&,{=*
[0] v%[}Efu&Ih"R1mIgGZa=i[z%10;(_@HX_?q&'$Gj(cX9l#<6^}Scuih
[0] !G&;4(o<SS|&>)C,Yd-(*>MC
[0] 4AOk9{\csdIZN|^x[+2[XU,_-G>UtxEDU1K*H*)>nS4
[0] {2X<AbS>OC}hS!x^kReZ6BNjczTXT-hQYB)7@vUpU
18129,52721,192.168.0.13
[46] ?Btr{PB+e8/z@VXJTWM|^}5kHw/2SA!rc
[46] +Mg7,2?0s#^gJa4 ,ML%[rx}=_&Co/
[0] Fr\,w<v=_^F5Se(H{X9Q,Sa[$)DyUoC8c;D\WW6R
[0] \^kVWSBYpMm^w#j_\<9kp]>
[0] /l)u-uO}6HwgMZo,2ja P4aI=eE1F4}U<Bgc9Rci{\ldS^-e
[0] P.ai|)"6bUhp-Q}u|^pw0AC@v|xlnZ9@%6F#YHS=}W/FE.WC(J
[0] NoV5k6$cB)$Itbs
[0] avIH21MT"QK(1V@)>Yrm^]Nw.>Nk1@Wr8"WdM&;iWfr$YN.3)<##5kzC+JJ=j=K>?
18129,52721,192.168.0.220
[46] ^ #22t%R2H\"87II  $BM"|D<aA9F2@&L^8xT>Lf"D$:\M
[0] 3jr-?%.0bgM?(1CC9W!
[0] X(-oh}>rTR CkCJA9op::6M$^s%y9nZqvgc`"=nVp*5]N`:#Q->(]k,=
[0] Tt3JxfU_&kXY>!25|dR,Q69R0:$gk2Q[B!'<gw{mdpb%quT+u(7cYj7%@Ul-gY$
[0] Y9$cpi}J"=c1oUm31pt*7shoD|W&&HEz{c_mN^Sj797(*&<<2L`IB
[0] O\>?3yPHCL">V [Cho*O]#5cP}qQCqa.O;M}79at"d5r ,7${[S
[0] ;6bEhAvK$oC'9@*Z`.KgkaaC7^MY5B3Pr11]RCDp4hwgD#D'L+
[0] %7iw^zyUg5c<*'su\z"8yA!U]H9U]#g}Tlv4i-jl\i+fp:xh7z<2W=#6"<kyYox/]
[0] 3JGXI^L5wAJGK_24CsUTXz+:Bf==ZdVmJ}a
18193,16981,192.168.0.107
[46] eNU(56&fcc!cKB {r(c;X&];"Ig`P _8OPZ gaffFhK-,K+:nnUH0Nc2wfrJ"n|k
[46] kI;UQDnI0o:gR*fcSL2M6OIo&uGNK2'9[Bn."xW2i.zW8|V
[46] ga@*Dwy+=c.tr!ODyP1Z,yLoi
[46] o0y[9BHIk[9JY%\Q5V3%;K=kK?*e<9/-cD%}gMbnD{T}<2kl%:qZf0HM
[0] .oLn+)ND"\Z5tH"]FTz<j=7n'uE!dT].FE|kiM1k+'"
[0] c"ys[!w,g[?)3D@
[0] ps@":Aty_MTMz.%Xu-{ey^v
[0] ue,}&raTrvJjor\B-Hgxqq4lPE
[0] WpdkRG=kYrA/G2hJ>23";i-_ED
[0] ;foyN2`m)%jN71tr.BHpJF=7dXDLpry.[jC+|&4BE:p\efks+5"o\Y(
18193,16981,192.168.0.13
[46] Z?GGyA7[mLk_|8:&ZaM
[0] XXHePer!ro.klRJ&yAr'z+t61!$'xe_R?C
[0] :h5Xho4onTGI6v:>ur&rwn-:iwqL^N>xRmm=x=Hi-o4C
[0] Vr:OHsfQ-qBIg84wnpel]uM<{U/$"|Krp!]U1_(>R
[0] 'VoAple%_pIGYj^IE&jZqKtlEVcy*^lK6](BKmGG
[0] yge=f>^*'K9PFTo3Bg.?PtM5a:%9"Mt|6[U955C=zv)
[0] s `u%9LA,=f >eR3FH/@=r6:Mz|n Zos[Rj`'S=4p&41k"^NJ)n$|&Xe<WV<3aLn5RjWA
[0] ^,m3s(IoI-t}NbOzF]_W*|l:*(\ttp2T|!hrCM}lt0'_rV[UPVHtU7Jy?)+5y>%
18193,16981,192.168.0.130
[46] 3Yv39^Q<[UR:OB#9Y5Im@XA{+v`J;& h_v{yVi73@%M+ajD<"mF\a#s(yU
[46] FT`A.2oy>]/AbES*J5lK63n}j"{,!Iwa9Y%G't\Fm
[0] su" "(pifS$Z^spEmM/#bPfK)e4
[0] *D9+1eye5T%!
[0] N&gwQQ7++DIT)a(X,0$+NqYA|<*HC[o.|r
[0] dkZlEv0TIAH#Jg6SMA`4?@M[/Wwq7lP7Y,% >OogpSjW<<FiwC}8cg/r@("
[0] 0!d[b3<o?MH$5Ky9}M'7!;gJYq`)_Xm+smfr<>cu(.y=stVrD
[0] lAYILe]kFhON(iwpJ<.){l=8>woA
[0] IFI],P[n"3TyQ\=&*{1\J-h8oq'd3@R\"8;/h2}&_m;2
18193,16981,192.168.0.251
[0] d5S_pXM:hw[p.6>kvs35
[0] P#3d@z3tjv:?lCP3S(ul=3{)THjg`M7MPJ3-``=
[0] `"KA6f/yv5Id*W3Dy[>"_?5&iJ
[0] oT[ KhFC*?'SL"iN<0S+;-gNxMzu^tyidpiK
[0] H:I]>N^0TU*_i
[0] LfPOD`mr2FgIht5jw|/XJ{Bb"]00zXwb@cM E<.Xbu=gkmS kbYQ_{5{tFG
[0] gG2^Qo5c/`hTR;Q@JS]wx[UyOFf4D
18193,16981,192.168.0.62
[46] &pJ$2-zY w6#=vOn3HJc1<4|J\srBHXb:>ffLcAfvWi6i
[46] N!-/DN<6FGX:L@{#>l1e}6qVsht;,$][?&&cUB5{j)Q8dhU>
[46] rj;7[AX:/o;_b<yr7Grwji^)7Q,&,Wm ]E8Uf,+2{F-`bBnyjc/phmy!Z
[0] m\?|n&j^q*_,qPdg}I{ctYb{z@RL'>-0{f.'(4!z?`(L3l5LQM1G(/_
[0] G\]i>GD2Q]]Tgt|iFU
[0] 6b17vK4tnmcdb|
[0] 2I3A4{*s&LZEGPz;5@{e\U*hq)r::/PfX})
[0] Vm-d"`fXqG-r`5?{Re|$kEPOCyY\PoWB
[0] e8?,\7pk?u5\/@l[e;k$(I`WxYKGAd|C8WO1oA
[0] -q=kukioJ)^!R/-fX,b{s|
[0] #p:s=|5wO*B1+'3rt?w@J781&1>A s6>!P3>Nb79(ZJ3axBq9
[0] g53lrF+0[4H$>]Nu7{KZRZ)xq*ku| t!5Cm)
18193,16981,192.168.0.9
[46] 7ed]**t| a64r@el_.;$8+t3*C_F*9o\!o;+zLDz/Z1={2E\Z`zrk
[46] &dCLk&R907+e|\a\W7A$L,lRPyVACd*IJg1Q) j97u;5m|q
[46] t7S|rGj79@]QyQvz,c7U?DH,"TEqHlbX
[46] ):xYo]|>+A#Y=V_+OQV3hX^mgc6Uoi{4?1m0o(h6Ikp"]k-I>}\)XV2
[46] ?u^TaxW\_n[y.Kk]o;YtdmN
[0] `fsP9j4TdtEDi5RRAn9wmdm`W}DCTi%Qkx#& QZ H<^MQ2!/<UB,;1l/KMl
[0] 4dFOXZFcl7J0/m',VN%03qU*!!(H{`QLF3{ mD}uuJ(@S/MEwRU-EG7
[0] 7S\R|q)+q"1^D!#4op/+@>M$5Hn#*LN[
[0] O7A&A*Oi3gI]=Urt{eY&N4>L=
[0] cC?Am'jQAKG3bJ@A_L#&
[0] sXL>r"3vcjgW@hDPY?/x<iAFBTQ?6Sc+GKd
18887,29672,192.168.0.107
[46] k-JIysn<y|a( ,
[46] ?Uf|aA,M%`FcDbK6T<t|=i/VJP>^$tKDKN\/+hvJeXI+=t[-2k+iV:
[0] IbUp*/l&iw|:A?"\a#pQI8v])WT^F85+6k
[0] jK*33lf1TG@i]*^7OM
[0] ,xm<(<drnM?'2r<kJ@@hok:^BL{?EcHlx7D<mD0^qP!%^=,+wL/hScbu1y6W^x_
[0] 1(E;O( ;JrWO@.%N,iL6"/CY}^vH7w|b"]9QeT(
[0] JW_ #+]\? Ie3n@"QETFue]VPdy.7,;|}6|"Buya2DbE4%a"J8H[9'Ni'
18887,29672,192.168.0.123
[46] j(XhRwWXcKb>vIM|q}MhY.2\ 9M$+/.2Q"
[46] 'MR=%ne(:eZR*&XARCS+nT;mHcG 17Q8d%p%0WGd>>8ID,jwOY>Y/
[0] Rppg*'% ##J{GIb\|a|tG82[*&c/Cnz2a(ykI
[0] #KJ]:@xfpDAyp@$p+ku@{m}
[0] tGtpe:n>mz:bKjH1e=8{(&w{*7S\YnTiQJ\9efqnbGlIMPZ5*rL25E/Yvc
[0] ptY+P62uS `W[./&\`@a5Lfsa:"vRx\E*Qjtg8kV9g/tu>7S!WQP%9F#S
[0] _QEL'Iv^7':&m_#&Hso@e\QL*o3e,/^kz?9#%LbVm8\\3_cunn7of
[0] F)zkr*HO7wNiCh?k`?aa>.JYt,i"4a
[0] 2g*C |Et0uTqw}_;ppL;mANXmRbkKjG]Sl<S&bcPYS
[0] FTJ4Mk_/fBMK+F(iRk)%(vYWhnF ,`[SP(g}s
18887,29672,192.168.0.13
[46] o)_gy)!)0POhF!#;B^XRt=HIGRp-:QIEZEHoNIyyyJc[e"w
[46] Zcn2:u29oN#VU0DwKBV/Q?(D[T_a3U*nU4<+E
[0] eC<4z/M!^7ZY\fr,m[mIP|?A6%^X?PNA/'U,P>-1U
[0] PY6yx&4WBgKpce]Agn#\W6 H?5b^mqJYLzT`<$:_k
[0] |2V1a&"l4Ak*u93P54@RAGsQLWmrn:2lLi}0+!8?]%dnY3@*G`]iDlVpEE O`M
[0] p%eEpq$JtdIT%k|:kj<]L..fqFFOWn^I/_+<R/fb/2S4}
[0] 'etSFRwST/+lLPPQdrP%5Xom9c.PNaBobR^*@qw1
[0] EbX9[dP*R3-bnpYDaid,yXsb?S}XCdZibN>@N*d"Xq H
[0] -5Trc"+[\gtW7!aZ47\IU,v&SA/ZCZ\jpMxoO%L-lB %]byr5XWkdOqS,=IOw(U%
[0] @7ud>W H7LKVk%L5L6Hxd"8G
19609,30801,192.168.0.205
[46] F8x/nnwW29&@}@^3 K95h9dd=O4o^H-&`'Pj1c]^|  {@^
[0] CS*knxXbq#p`8U&Lfb(VJ]7ZtAUff96+lZvwTj[b
[0] hC vr-;AZz*S-j}\5`H83`]%*%yOjtQU9Rg
[0] _+m\D(<:n:W&(S=3VdnG9C1g:`m`kn
[0] W0&!}X|} (_nczIEQ;8sIg?r$i*q^-%Q>ERW:Qp:sQ*rgS:U*lJno%b0nl#h
[0] INIf7z8crbz#j9*|ByDNzbxluS[*hQlM;QPRN$QB"M`mf&k+!KY{0m%ACaKGNSui'
[0] dmr3F<e|1^pXwC&1d.CaZ8[e2x^b^|tE'hXMAZKlTXFM{L_|t>yPpV7>ku"K/3
[0] |F4+:78OZ2`6KU-bmD`.DdVd\
[0] cZmE?i(ydX6x qgs)ViQ=MMdjTb
[0] Ah1gCqYLz'p`N9xy*WY+aBh8)Oqw#h<DSgG2
19609,30801,192.168.0.220
[46] Dq>QU-5IMf<az4HJMmda!3-?E+4w3Qpq
[46] =aSV E5?|M//OKkK=&[vJ1rjqJ
[46] G,hIk=>}%4If70u2?kw=&RRT9^:hD*0(7yQ>8o=W?"ZV3khlr{+5i]i
[46] <@O98p`+l^J{&U*Ug\HKc=woh9+`^i%z+n5^{1i
[46] ts3y$b1iDAtG h}nSIA-s*#m81!MaNi
[46] /lYWtE]b>Ypu"_cG&EM@bq;x] 72
[46] (ITy?g&G+6XQ#.y.H,'Zm`Eh/(\o\
[46] \Bh'|%N}N|Er/VA{?7V87%'2,g:>XqvQ5zXM;(Li@-^Oc;f>lXV
[0] S.'4OJ@^pWW;A\\J-IpV}bcgo};KXK4-Y;[D"7?.*vJKnB17k#mj"Snql+XFVm
[0] 9ba@z-Ee5Rwbm.9vI;(dXIGnSjcD=p%Vn"3j/XkEGeC6/\Ir
[0] x9(u3F+F\O6f) (Ezr$/_<yc77
[0] r*B'gm$W@rl|"4b,/eW0=JoX8tp{z`3*
[0] k9HG@VX;h.Y3=;{m=W^,OLaJ^Y,whT{o)ESI8Gd<V?P/uM|4A\@,E=W%vc8zS5(]
[0] IY%CT(4?d0Vt3\j;,(e?r+G/?[O}!dcK?h*0p
[0] ;am@f@L%T@Y=/J&? 
[0] ABu>K"d?6PC"gp3# vV 1P]sr'2P.;pj]g*E&* V[CX^5la5dSP1?/'NQS _nqKNtV/z
[0] 23n?AJ(zoQk] v$ci&blon:ZZkpM,?x>R%]/i!+ZRw9l+XRtxP|%@S_6@Q}Mpx'^9em$"
23516,26602,192.168.0.13
[46] !$}!U:Q7IG^o%x+D)dygn?g/@YiB\{zw!yxV5f)
[46] "=,\,+ZV,eq`"q=iO+D$]:pOH]QejX]l
[46] o`i#0ED;e22?UTf_lEsqj+2oz[OO$C*s?02OUq'<%9uZ
[46] g:JR'[`G(:L"P:a;&6N6(PUNa)Nv!^ahxH<;
[46] 5<>UqXcXUVOj]&*8Cj4*Z#`cgSU?xH,I d:
[46] Lc38_I))mwy\> FcNq'\sB
[0] fy6yd?ds<oseH%:FxB.{(vZUpCA`'X:mmQ$S,i
[0] )%f>C7${ozf>=GaN&d'9d,*{k-w^5s2>4x\W1an#wV[6}X @>BY>N}UU
[0] iMj+7lQ8iQu+T >M'i7|jl8*a4q@P+sUry`+#3^m U4Tpl=wWU1C]
[0] H ,yoI/I.T:PP58"A 
[0] M Y[X9}>pR+(-*Vz10`kEJ]"RDAIHy]uz
[0] ;r7*y;u.-BBOB#BoR5+@%jbXEhFss[d0O8TKSesz*7ef:DX)Yccxi
[0] [l$0?#?#v3TG6lvCTw?4&Ev^3JG6.#
[0] - 8l0Q+;dCVhExCXriViod9c$??s CxH^L6*:[E  |%_2H
[0] &;TPHV PpV#<"J]i5&f6h$7`JYhe>]M_4#1vtKH
[0] \BvT:/?"fWh)TE   906&}PmoVzw#/K`Q^6(
[0] j4Dto-#qg9V$n$&Zf.#cw
[0] !o'C0'LRjxK5$\T%cJ'9
23516,26602,192.168.0.251
[46] MmBzu(pl@u^`GOPTJO3J^dWJ@EpR'vLTenjw3\!ST_O{K!lu
[46] -YIb-Hj#EhY(3WiE#jh)>]+1jDGjpa-9=p|d:hg
[46] 22Rm>.$_a![#AXe{PJ_H!}4Q(==Fy8J-e|7?-U *quGNPIK<sFduExbgQ"JMTtt
[46] &O|!##(GDxx!CDZPG[;*()s_zSaso`(1L&3O)Uvgi,$IP^ywU6#]@2>Ve"eV|m$J
[0] zZqe;\!h@mqD/%ml"+EZ[EOCBaK*'+)=ez
[0] _fXnP_)YQ6vy#XvL,oksj*1PZBl7:9g5"[%lVHG)yZ$8N{du(kjs2{_lYN?/
[0] A^]J[rpQxqUA[m+":X=4R6  }F|"Nt-+ojUf
[0] zAd/=OnCjm|p%r+eZ@gHN(
[0] :PlnAqBgx/Tb(epwlxhc"=|EJ6B
23952,48258,192.168.0.182
[46] %+[ylT: ([Mu0tvyI@%7r'}8#`d-UvNu=+p,z,F$$sy4%r/h44"BV!us|["S
[46] tu0*6b$+_8ofr;R+&5oE$<^Rd9Z#1"$B35LJ3Porhzt\
[46] h0\fYk Ur^{m50{v'Wj%!0"tluPwzzrd,jfeXf=fFTU[!ln(Ft-a
[0] |k0;!*6k&G4uBe;;ED8G%cZ ._E98_e6g1khU=o[d?mB@Dxeh2I)1%)
[0] !N\TBq.VN1oGq9)hk6b^"Ky,%.f<9vg:`E+>R9u<dfcW;)BCY&#vk8$,GjHz|KP^,[|
[0] }cc}BS{NHGvw+PMQX2Cr.WV%k4)k;.0;-0TOcR}-51@Z
[0] [x{P.O*6eF.Q4j8sTgG.o-
[0] 3CSdTE0i0_tT7A(dw'!Dcd3%}-6z2(sF
[0] k4 QZ_B8=grJ<XC*lwD@rQW0Fm|{-Eu4s2"O-^hJHvtdjS*
[0] r>rI2wuFaaKh|?Q#0:g4N%&!6=dpqw{e7+0I?Bo<%W&=2qZ\GD,1I22yj
[0] KaomO3nJa5m71cg"p2ztQ|p?PHpM^<dE:oOi$
[0] 6YJWq0,A9nKeI<N+K?6W$;WMhy]j`(+v{Ujoev
24130,54350,192.168.0.123
[46] RHIXt7W?>Y@6=s5wRml'B\W)|?HU2JR!s7s
[0] ndw)9mi-(Fit8>6Up91a|F:zh=xw%7hs{a8PP>]Ydbi8<!m/T;,Raa
[0] ,c.n,m+R38Gnmhf#=t$WZ*YD9Y;t*Rb67,A]yfL/ s9)w!,Q1KDkU L+s#!9
[0] "V$xG(./I;.ywIOz9$>u*Pr,=M" TCsV63Q]<y(ePQzIzeFO%dG/P
[0] 0z:`p.A@OVW}xeB@9H-O3HRkA,eqY]4%ZhfL3Clby_a/G?Oz#we6A9>|F%o;c%AY*
[0] kx;C3B9/('5nLjDivP? v+`3E|ocs?`z:
[0] [yyz\65qQ,.n
[0] ;@#@M|!qvX_?[ZX^)`o.o1((ad
[0] R*6j5y?cB,c {y)qjhk7DBC!ckBXxW(fa>l
[0] .?"[87IFY%8x}%+OL[IWCIx"m$2r,t3TOOL
[0] >z_N2;Jt2[6m|syI2-cL1?1ZzO`@86(W3hA
24130,54350,192.168.0.62
[46] c/tqNxq6$gWX[(=)zq0+{zUVu 9|jQ O`u
[46] 4; TZ?v 5&RrB*ErnFg,Jzw<o)S0 )p5Dq%:L{;b$mpFwQ
[46] T}OzeN.7j{eK>immbx}DDs(_?<}cW2zGKeC3PkJ<hL#C7p26'1ZK&b
[46] oJ4rXG]dZeDb
[46] Y[L5S+aG,4TxD<+MD/?VYLteP$^\xW3mN_%#k"d3PU.tqSC7b})=K >
[46] ^d0[<L.{F^LP
[46] Pq-q#?';[!GHu:.($
[0] cWR\W<D9n*=H?|?:kzZF?\5CFw
[0] L{\(D3L8Fa,*}n%*rH^I;}ROg#27'y<n24vpHD+*AQNZBTd68
[0] G6kN<&@HY@0=bzNMNp{
[0] sh"0/Z*p-3B:-eiYF:Cp{ctS$(L<5S7*=9UfsyY<.7q<|\uE2UQ/:HcXjK
[0] Bk-e_cjemF(/YCBXR/F+vR/S1Z2)fmq+t:po vV)>x93Wul+&N7
[0] C5Kw?L4ze-)<<Wt;4Y6KB(Iy7!2wf1x+`_>!-R|r`AK8x[SI6%tr-@m^[;WCf
[0] 4DSJzmn6r[_$?qb{w5/idN$
[0] g"Qz|cgo:")88X1$r8}H{K>{=
[0] IYJ&4r!*:(uLnN17)ULQzszZk_}ypbp;>VA
24362,26277,192.168.0.123
[46] q:JBVjQb:noNQjb"v\QZ_<+nJ"KVi`6w{`;Sfl7<vBjc/OeAG8{(oC
[46] oz*PBVXxt+y)n#:|n=3+RMCfoqu SuFDqkt5COJ9tE\ I2|SO1x#x=i%Ka% XfDeS
[46] #XrjhEc,m^5CH1*bdBC/0ABv/|eXZ2y]&*InO.z>(K{P]'O
[46] .l&/S-"-)pkNZ`LTGyK@H,<VZhe7!/K0{kYjx
[0] PpM$pRt0D\66uJy%Hmhl"p*S:L&T
[0] WK $"A|I*Jy+}Jod2+J+z)pM*lswm+DFpDdrfb=,/R
[0] \kgF/}est`g`=6>!k!E.jO)*GB!o;2(w9+YI*ZX;=B{tr;1_<q)BBMg
[0] d !5#YPEsO`ulroj[hbPk!}J!M(B\(}\C:rF/D'$/g5{\A#S+
[0] =Ktn3g=%k{+>C[yUQcyKhNQMP8lND"#agxR{{+<iBaC">?Wo>
[0] Fy0oo-t|[Xnz%(H.6f& R20x/iInnxU7/!B!/R}&F)"f1etbM7|;I.5r3^b#s
[0] ,e{#tIdEX%z:uSyk\:/hga<?khBC4.LZsI]&
24362,26277,192.168.0.130
[46] i-zLy,L:q//yBm9w}.R,FA
[46] V}?\!+ObR75pzjO|LvGGV
[46] ,p;=p)c+eg]Pd/4JYp|38_{`/\OfnDn66EmBNRgOU`<;+Pfe\ 40zKq
[46] &eH@!^jo<7<j%mSbMHm};#BVwo\d,i
[46] 5Z@w5,Mg]|1e"<LQ`1^=IT.)>dZ@&
[46] . UnFdIZ%u3SVKy_{?Ws#%H|N/w%R^r
[0] l0bH/{3])82(AHq<n8td3Vm!5mIQ&;}.e
[0] I#eBgN}z+5`G[zX{3tAv,n\w
[0] toAC8T*:m7Gvkbtq_%2OqHFNJ#JwnpAd|})PSNj\eMnlK!z-@Hv3pY{=\
[0] 5K?2%q#V.I+{$n_(+y]=v%Z%&&HAD1lY\G(b:E:bn`_
[0] "x>]%1_5[%p6%ARAm59J7<[?t
[0] $!MMHOaS'F\6|Kg$UX.1%*K
[0] 4v0py6R}Zg<EZYhJ5OHVB){3JQ&J(XkWj{I!47!n;WOuL9[a$%SGIPZs>{
[0] {u:'HW]!],kayGf]{.gK[bf[0(!2'v($)\EQP$S/0Z,F$r%;"(
[0] W@]*JuC7n8aEPQ
[0] X*QHqPt#DXY;K3/n*cS$rBK?LK*<Yx1N%|v2NmO/
24362,26277,192.168.0.182
[0] sQ/rCd{e>rH.?545m&x[pUJ0;V
[0] x01i,g1/W_;au4t%*b(`5fW'?7%_yh|/x/x@3FP&Akg8;x=F\`B-HyN#2S|GWzqQ
[0] Z=nzVP9E54frAOu!=+H^-G:2o'.r*x2!7#7)SPNh 7vA"*BY5&:\MnnXu9g"3y#e|TnR&
[0] #"G>kj0Q`FEvb%P9HkKyEQrrJezl=nlZ,55w"EK|l,tjK`
[0] d!r6Y;Gh2Isk?GE,|'%6@-M5kD{=x%8y@FK5ar9sW.zwo[?*c^@?
[0] @m. mddf%5#vpb#sX9L:$UW"ZEKPAX6{aD{kEaSJ2VB$U_3I4zc9QV;
[0] )XhjrX{=9@cok;j^;Eknbz40;Cl6`wsiQwpEQm}'Ibv6 |1UC8EBNtRiS[
[0] qZ]NLNU$K^fR2gtf8^PeA-wR{q!*/]]<SV&!&[%lU(@#+6jC0<*
[0] lO3SU(L]:R^rc;$V^Bo>lahhyYhq}Z9l+g[zo*s+\T9[oW3O5>n$;Xl7Mp*gL]UqFLm
[0] /@11ONtH(}p*tHXR4}7Ohotz#svM 2$IROZ# je(jq2z;&Oj%f;)qK&t
24362,26277,192.168.0.251
[46] ea$3pwqGG}p|OqK.[3mgc%<,v>WhVqrWnwja,wDS26RaD9o!Ly$L Zr24L{jYoC
[46] /i`xRk;U,}%hQHO0nF.}Z23c#;dd9_kbdNv9U3*aM/e:q7Jbws{SA0RDL
[0] 6q`gSLGz]v4+\{zCym2a%}%VtL(2El0u_,^4XBJ7:^]v[YUVIgT
[0] WU&DP&a2<&W{3F#71^(=TiNIxxwb_(l8wr
[0] qR(o[))K>eph_+xcLl
[0] @h[mo}$P&mXCnzR*mMo'ui-'1#^3b1?$y6.j5L<UU04_F
[0] 3r|mWok36\#e$o;?"Y\Rc:Y?9u7$;PzOD4X7%EJV$g=BsrauM@IMt>l0O?4'o0pO
[0] /"Ue4F48]W.Nwf"<B/,U7*[
[0] Ccbo+VSc/1,Z7CPhxn6mLyOml)xXF
[0] bvvh]:a@=m"=QM""SI7-G}k+-%%
[0] YR1}1Kp3bBWaK.DN]"tf-(cE/!'F;Q,u?>0P%<cg_=
[0] :Apyt^Lbmi2s<oK/Yg;(s
[0] f^`.|WZm:Z7re\$|Ae<'(lY?4:aBp0Vr*R"(Fwu`mIUU'smHZEO|
24362,26277,192.168.0.62
[46] ZY)/zE#zqjwo1;Un(Q*L'n_O=qWjTfa0A&?XK]T>IMJu$!eFm+rtynE9{8%
[46] 0mBL.!%x%:<P* R?=
[46]   f'sq>qV"uX'MZ|\`X48KSOI0RfLQ$MQjT`wrni0eD74 O-`CAxotJ:A|<miZ<V`
[46] }*5}u'-9n+_SAJZ$'<Tz+=H|`*]9'd{@*LZ;ngnxrOMOz*T#FD kabi](bv/b
[46] ^!w&#}VRYI4Uc7bfx>hS9*^d>U`:h3Rb4f%Qeu%ZAS2&&0)!O-nh7NOo
[46] jvy4Pb7T|JCH2^qO>fZk)7xSV`Wn<o9Bh5VTw*D2TgZ"GhQ"jG)s^#H6}<
[46] H6J^Ul%@ZOx7#U\U(u
[46] [}"W?1@G"h"!&AeXN%zI:0tcr]T=DM.;M0r(\NOx8kyX.z2\<.BVY8;g2,'pY5.B`
[0] -uHR?S|f`A(mxH:3r?uV/FId,=_fwU&&LNrl>pn M3mG[Dui}l[.4@.ZwnCpEc
[0] pM{D0\t{E-aeAVsQ\j+&"!pKW57(}LNo5KP`
[0] RyDD'UdQ?\bJa'RJ{8c$ ..;n}Ytm{\[v<"9-"jgyOM\p!BnT(
[0] u=\MVHg{'b0KwC"n\UYP U|f8,Bmyo-,I%Y!M\|nZH;mkW
[0] 9:@,{|zf!n^G o1`,&|zg7:^!cAb@j Y&A!>Y{&t( 
24362,26277,192.168.0.9
[46] -zu:G6xprf:mw$wJ3src\h1R.o3_nOg8e^l.1f!%NU.bY'.
[46] PftxU-7C"W\cBgtl}<!LcI$;h'qH/!7_g-tX:G7V:0U\wLd2$fyh
[46] E^@XGO X;\P2NM"B_|viirs7_pF1 DL_$(9Kq:%I2V[{?]? uQi`F_3A
[0] %FUh{1{$sgsJgp mS{:Q09uC
[0] R?s7TXnGZS?pL8&Sd&G,'H4_t5mo%00ri%+?xy#TN
[0] Hd$ivs[McQWT[B3T.fbV%]dY.gI@S@-|&L
[0] $<Ces?Xa!`+t/%o:&n^]f[\W:9o[oq!s
[0] OH%*So$1B^yv>r+ RCIt
[0] %7c+xrx4[xp|$K2?J
[0] 8TIFsdc8L]$64;(Ad!FR9T|wPxu:?%_Wt*:%n}=<\\l,3tNx20feedxQ^ok}uMq'
[0] ?^0Uv'7?37z>-U2#<\(1k%D})EdG
24746,9977,192.168.0.130
[46] %0R-zmy5vM*#{Hzcg&:#(#V.S{!Tpv-1(yX>hmm`Vx TBzS
[46] md'#kR)a,kJs"o4AL15U|8vq5JxX[eNK
[46] "&.+ct?T;#n!R}N7,8<k?m)CqW90<CF>dTcce$9"BC#0CkGi&}V_mz>`SWq+
[46] u'sJk!G]xNz9y*!gCO<-kfiPc^pHse7j
[46] 90ZHF@Zc0nT0Zx0#Umiol$'12-zGj^|
[46] 8.]GmtP`n.{43yFr)_FUXW:KK 65JkhbyGE
[0] a2%l@bU5(Uvq+in7eW,+G*pA, ")uZ&Xm+`/)7DKlV>wA.0C!VNH`Z&(Z(KkbR_Qw
[0] FtCqnCHn'YA(0Pj\6F%x'4[ags )xpJZg)MqL1bmj%vzo|r'Ex!fH\ILlcU"V!]Y*,Lq
[0] M3=jOB*0n9(X4Vs .AKeSf{s
[0] $B#.=S[ZO;f,v7Js+Z-ax;F%E]eg
[0] {mtyO+fg7[A.Pgj[oX,.No4,!Vay]Y&Zb6pM[X6sOq#!Z)\e|%tftDr1zp-seMjIc\v
[0] {yQ=P<^7P\^t 9{P$3.E.y5=1_6K#OS:J@X7\RN.0H?Kb<{"iEaw@v7lW
[0] kJk|r|OVFkRL*]f}JH1&VXqix5F3%a",Hm+V't.h{{6BZ8A&`m,8G9>[O
[0] f+r-E4P-/uU?(L9B(V61Y{o-)#x?y?||dp++'[RPm*pu
24746,9977,192.168.0.9
[46] !PT)u[X.ttn|D,9{1\aZvbv$}E"*3x
[46] (;mL0kx[;nS}SA#6/
[0] gZ/Jp}RKSnz:CTqHeJ*k Ruc ;*:(ol+L|V>7
[0] n< bNr&)cG';\Dp
[0] Xl3c%lRIq5IA$7C%S1 G`sHHG!rV@$hx,7x2%L[w{@T!Xw'-D'T'68O^S]6s{ )*
[0] _9zqjV<7(P@&EZML@J(Gv(_` $+G`I+Bb'Oiwl"">\(d8pLYVT<O\71
[0] Z*}(eT'46px-zp.P.6UG>|l-$!DSRtz. 5PeiXz;d0I`"
[0] x\@;,4/w7G5];=Qg'_!u4%Wcb1XL^iOsb,0*@Y$q"
26051,53966,192.168.0.123
[46] VmK]0UV7sD5g8yC+a!D,55Y{:H7=bi6:ra
[0] 1}d1`&bXY01=fda/r^pM(TX<
[0] Glh{ J.l"q4k*gRGbpK9f*kkXh%vuja>rKUrv}a4,1;6xm]w_E2bO9OC=T<4Z9lN
[0] 0'4>{G*qwTj.IN+w`UwDs(jfR>kEk^}|!3<9ZFFT63|_{Cs]xl$mtnVH/C)6=
[0] 0@afbAC/SdU`ZsY8=48._&+=eYV$|rp.4St20TA :
[0] *C"^D3V<r3/gK5e%x7y<t
[0] eDE6ne,gen-J(o:} LaZ\qNx>2ico9"VwGlgHxk/$4s-%I,?1m5mzc$;vm #C<
26051,53966,192.168.0.13
[46] [HjukEX?]G4SW3Nt]5J<UI2!5Aid}E7Zm#ktbFP\) 1a3_q
[46] m>?e?O]pT4\;_!v'+BFk)Ij"f_k'N[pW5K>oz7{QfY(G[ O"]1nf[Zh]Vo!&gqx8YR)
[46] tGf%"Fu\w@kW@*u:zn
[0] c'(:THTU#u}eTIuxji'][P6[KH*@X[*Wb2.Rtb)3YCyIl,Crvelm
[0] ?]@E;1,/bXEK5/B5=%r#&=W=@3D:G])fV
[0] ,_Z/y-4MYp|Ggtb:sLL,04{t|ne'7N^C/:lDb<q=.p 1"c
[0] .v)V$HAmV'Jc;yW4O/-$+bL"O&)mId7Xv
[0] H+GE2p8A3uJO6`l8Ip!&wAI
[0] Cj,)y]?Mefhr")1'Bc&3gA{.+%DAdBICHULD4'-5n
[0] IddWLe6'uNB21hf2:Y2iyA?_OWK4hvO3]5'E6=gH'+Z90CeJ83
[0] u-[EV.#$x_KS5eVeT8MZ%Fk4k<'^Ur2f!m-q{K
[0] JhF(Wva&Q1PV9|) JQX^3.xId$79#5fN:IVqASw.ddd9bm9I
[0] ]8/5!h*Rb>97nXz%'rtfu2_O.v
[0] G.,P9T.M+:w7,j{H@X$LvXx8vX%imex6s&gIZ1v"K+SquPVQ*Z}<N3UFlZK[\
[0] s;l;+>krOkf0Yu4RRH^+:M3sZK"\
[0] #PjvNa5>P!$\]u1k1Ed4OrfwtbFF/[;2HAEv$ZPn[oMU"xB3YBHD
[0] /3ER9;WS$0hF8e?G]1Ya_j$6h
26051,53966,192.168.0.130
[46] BAl!iKgg7:v=1QM>ZzoKJm>8I
[46] u-+W_Mn#p;8M(sq/6(r1vJJ/
[46] <)K)-:Ge}HbvqfS_z:`^whk9r>w
[0] /O$vp2J4P4Y\(&MV@b>j`K+/
[0] jCM.r;q"wl|FD'Q}Dl/FJ@S"?[\>f
[0] HD&sTw,jbc,f_S:"<o%>J[1CaLI3#O K/&
[0] \@N>(Vue\FaM$r;Zmga|DA1oX(8qaW$ZwR4;E+
[0] o o]:y!a=&vQ=`<GT4fT`v
[0] \<cr:O ZK4>77kdG
26051,53966,192.168.0.182
[46] 9,,Z3cqbq =wv/"t@{QMUb%\|WZ7tno/z{i
[46] 5>(R<Oh!jt7K+5"MC7I`nKoT!xpb%Ff:dn(#@,>,#oqH'tud-ZF8'7(
[0] h$)}J^xlwk3mE[F,lGu=zZ[XL5k>s<(][K
[0] 6ScgF]a'R/Fbd+?y{fKrn:1<<zx(;<pRoUU748X"a:eGE@\\))j3C{O_wJ#5fs#WdX*
[0] ^#)#g[nSa{v-c7n^N&]X1SrT
[0] \wSvmss9[.86F[H|x=nx.QCIxz9t@0(8)\03k
26051,53966,192.168.0.205
[46] Y5^\4u`)axj,guY> ^5sMN.ju0c
[46] X9*8u'^LFKMhQ*T_5' uZal2g$n#ff/
[46] AI_p.>YX09t?[8MmtO[-h+VxG>
[0] =t5w!#U)o7z*8L*/WF+Fr@N/>:_4F-3}#H3>L$GW;]aS+(
[0] ^},:LtQC*p9;?#R)=lTW;G]f5+P-G$:A=`\%V
[0] n,GvOB>[^b/La5XmOqxvN_H'(|)q1z:;Ba3q?Ri:6x"wIZ#yN7q83U@U
26051,53966,192.168.0.251
[46] UdWEK`v5^x=<j'^,KXPD='s9[a))JB/;(#ancs%^m\6Ydt!KOko
[46] 7kup{I'P0c!,9%5/_CT[W,`HP?ij}z0P#AB kdj7IlCbqr-lR{d
[46] `k4:=_=ws[$b!Vu!\R(ax(\Q&I2kdA#`H77!2TyA1}?3oPNM$V0}y(j!Q|
[46] *ljSWQ=[ssxD '$Ma[iNK0_QcM9<Zrq!zxnSK.J@#_d#f$kIz
[46] VAVFFY;=l\<N_D?r,Wf)d8kD>/a<.Y+ 7bF]=a6,Z
[0] ;Y*vi6f&%pC_C9Jg*_@|O5hzwlA&W75
[0] Ve-%w@tG5ZQ4A&R)[B.H^d`]Argi[+J4,WS&3cMbZ;v{[d@8Ci`#OCz,Qc
[0] 0|JQ`=L^P`\8FGtKQ3I.0v84T>5A_;.o9XB5vnsbjlz25,xg@C1j;c:+>OM}ju*@jM
[0] SU(s_o!'Q4l=-5O5&|.;@7^AO[K_[I1J:9@5D[Vu+D58s gy92
[0] #w-h2!_wbqR&l+uby
[0] n7>/x%E"|ummEII' C8s(4NhO*>mCYyMp:]jY>(X5uaZ[Gb[&z
[0] xgZvtW=,4UcL8A8u4+1ZtP|N8XP:SI&gLa_\T9$h*$QBEi:s0K
26051,53966,192.168.0.9
[46] :xM|1%/. n7.h}dOZHJl}a-X&<P", 4`5a_Fg*n#xA2}@
[46] 'wN|)J|V@B%T"M,dftt\uqJ{ ;} ]<$ OS9s}7KYsjI1:Vu"f'xxy^uyy0
[46] :kj?gQf{ES0lkdr<oH=mFKo}{IwhIp2d^8%ai'^0t
[46] QE&czyt9"y}P9K'>U!`a}jnLD@p
[0] X4$b?"iA3qQV\]uN7+HkBMA[/=n:#I4u^RY}o^
[0] hq>ki&tjN*#/iWTipNGPp0@C4TlvV6v@*6H/V>z@
[0] GS!3KCA=fYp"{2LbI]U,sZ.HGp4Vr w;m5hTX
[0] (;)"%D'f_=PbTtRFK=]d"K;nalK*bT`j+im0I0
[0] ss^xd0o'"MU`h?_b(tj&cKUR\Mt6I|?>q9Rrd]yfGPb1+]/3Ty99F*l?XbU#z0
[0] dC0yx2;TZ5e\x7Wfb7<nvk,G],vQU;`V^,QX?lHy=0r7GK9E|U60]Bq<ij
[0] ,3o!K8;O).(rENT`qG@/Gb#B$gcfe"PrPA/7sJ"9rE-9/ay"
[0] uNJywZw(?\9"(,UYt5HeUKcs
26209,13762,192.168.0.107
[46] _D+NObXwB!3K{eUh+q{zQ,`P%yXx&Z*f O6O3nbp+1=Cw/-><*Un67ZU2Nj8*0:
[46] G)}qUR'n&pu^w2 .Z(kKq_rLM;QzSqQ76
[46] $j%D+v+w:]V/w]1c0FYh)JKBRix'6GU:MuxYm%lC}^S2=dugFjQjP|.%$(,:i
[46] _dRUVa9f9Rw6^<Z:J
[46] #{ID`]}l/ov1zYU|{\Lcb[zSMN+XKX8NUa
[0] %Ow#x`jm{pm9rGK9@1dgtc,Gl(`!p<W2'jO!LV*d
[0] `2g&|?m5N 5/RSWPb5u)''8AEsuys|%pJ(vHG
[0] _5v\ - j6i6P.H* 'r\nE|YVSx%=%{QdMc]Mp]:CHPspx:p<.h,m#"Ep6JJ;H
[0] ]:d@c{ZLrEF!,k%`(2u6I3U^ik0VEOf%ifENd;6r`vsm}4i'F`Wo//ixz
26209,13762,192.168.0.123
[46] 8DU\39aK&k+Q^!T]K&'B'
[46] h\$$KqcqIUN_c.F|^V\k&i{iA8Q>
[46] l+voihz\G>g+>pTG\^X\IF"klR|v8(RA4dL9hbuK"^p[jG$
[46] A-7IRH-N[?5BW?IOs")?"qm5hB[{V6qw]DB2mizJ*1m{kRL`To!qco(M3cJi5X|s|
[0] ?_O#l=<D2^h7Cmwy5owk C+Lt\`\b5g=0R@|ovB#q,T65g
[0] *p{+a1f+P@=Fb;X]Hue-,U:bN(+u;0HF"EQ}pS+BtbiX}CQH:8oa)+EW
[0] |^j`ISLlx{B^.EkS>]9!!lou-142l4%'.ogW_5_sM$m[c[J=Tc?UR0Ly
[0] ]O<DXN$o}bW.yu!L^_y.L0$qGPt{t]Zn.2N"{l-zPdEL[F4V(I
[0] ij;{!2(w']2y2Dah:$7r(!ug6<1p:)'?0\<1*^DK>pGP6*TkH(_P)p9YHd
[0] <7u`n+tY,y}=E02Gr{>QUQ
[0] 0<I*Qs}63:X$)CaXBYAip%kf6f#n'J&7#O[T^Z'ru_
[0] `su>[ e$zr.Q']k_h-s"y:mHRYp/%(8!8I?sI@3_
[0] $coz6: mM.(es!Q?3w)quu/)N]! wh_7MkN}'Nmnv1U'2(G_;jm
[0] -DaKx?kdX%TJ#`{jz58pb/bK@8WS3T [4aB."//tNc@R_=X\mpNQ;L8ud,Kwz
26209,13762,192.168.0.13
[0] I'!hM_OP=1w}yB)W[nn^-nn'&cK|y{=^%?Il:4>WF7p[ty4Q%%K2
[0] R8R_MAKrK(S,vFR.Q;SZWmvZr%QpTo7B*j#W-NKXp;eh{S3hnfEbU=XdBEV26mn@sq3
[0] q=AQO@Kg/@>@3j.8$OI1}Qf2nRq:E(e9_B&0bQw.-QNZ=vrAHWSa
[0] mBylOW.AAI/)`kZV8vdbf6Ru>y9X$'k-c"64YDUz)!@ilzB&
[0] O"Qb>R3D^cj"mO`P|D.o.g?#;QgrnNDYk1=E jj^Ppa?[CoZ#9
[0] 6?x?,xH;0i!w<=\L$yb&GnB8@:OsC|_YXYydn]< b=3 Zof^&J MT\etvQ
26209,13762,192.168.0.205
[46] v(X{x<G"gD?qM?|6fYxhv3N#ivwqZ{wl@R&:nMVr-u!u
[46] si'}U SfjPQdBLx*g&DQ!U&qsC+&['nj,1ia2>c8+6|gcw-f
[46] PBO<2atpL:g_o'E)aRuT-g{}S8r,N{g:ZRVl5Lxb"a]-h%7fqH< KS9!'H
[46] DM`ntv8w"=$Jmhu]RU{pwj9M96z
[46] oapOpDQy]1O<y9d#
[0] 0E C\Bzd:s|<B4cc
[0] PP5PuqR++4@%H$apNO0ip(].aa
[0] d:zQN}7{afYJTTuI3|-AKqc[ nPF}h\c?r6m-g
[0] A-)2$QQ?GcKxuF&LW@*qB-28f]%T,ZZMhdzl7MHxL
[0] (W+[,G_C,36!'v>I;9
[0] HO8&pD>`{4v8gV/1ubB}.$OHlr'/)dQkP
[0] w/_Cji)5#l>z:nyIk&RwDu Qn$On,[S@jOcpT((
26209,13762,192.168.0.251
[46] VY {Z&/\_lzg)\g2WEym2C5\sy|bJn/#J/ &O0}J
[46] @M%opb$Arw]Wx@]Kll-yz }aY1,Z=VG]&fN2JmTYf3Lzm
[46] mQzGKQlH=c,5%:K}BJY(9.vS&CD{HEeQ2b4wO"Bl"N>A$%[FPPhi
[0] /;8DJ@v+*c4su{npP< ZY`2#.>e`RF@{
[0] dv%/I7Y&(mCpo6+5@t=Or#9q<=-cEj.+b3;G
[0] @*@2Y#@NB*rgG1uU?x[!Ib10C(tWnGrJQ4wFR9
[0] K,nUfoYtn?&Y(HLY[C7eTO_)mbqH&l3R5=C{.|-8>4-FvZ<m}mTS>5
[0] 3Ks*s$rIQ.)&%VD4gxnG]3-i8Zt7$y,7G!\<%P!Vy*v zVNdk?GJRTPjKF=OBc#i
[0] `LTtPG&epxvy(Q:#]r#Jay&Nm>5E4.r
[0] (nS4z/%\gy\a ];SBlTX
[0] vx!bzsa?8^mP{j^_JY@ENZ>_mm6k1t]C*x(&)%_B}O.zUm
[0] <g<ZRi^+tv=hM+yzX8yMnQ
27191,62280,192.168.0.123
[46] 8We`c>.F`L(8Wo&I37|| |WZi,b)3#(Kt)GsaU;C>D
[46] $($B(e#K#mu6_>{XuvwVpfRc,Wswol
[0] :GALqGO>qtALFtYK#@/SU^dMQ6i. XU;;2g.tR
[0] [M]WnoNI.8KJ#:D:Sn) EMKi>A&^Sfr0Pkg@wQi'iPR(k2]
[0] H l$$w40Q}"V@$TYp*;f^<P@ec\k-3rpMatQt*aaC}:}#nXs40[/LGi3,a
[0] )`-#^VGEOY\FBS/$@5KK?TfVt!v<Y!@|{M![@H=o#5R`had*3KpR"XD2s=Ni
[0] I4?W$9htVzc<XvE/>
[0] @OEM7CjP8Wr*y`|s<;'QV_*&p;/Hcn=%Y|SpBYBt2P:G38=imD<F?
27191,62280,192.168.0.13
[46] lH [Z$yq6>WUtB!5
[0] /[uTDUrpkZ{9oo83\t>\S(DHRf*UgEe2"\#`31m:'
[0] L5*a&`G^dJ?:+*:[
[0] z"U:rl]8iq\4RiSMQH(7L[L<3<s0L.-bJ||>'[p,hhZ<S/%&
[0] $Gj%-F*x_"mR6;1LT}6z]*SQ5q</'ucE>iJf1nz,qi_C'po
[0] $h!.hnM(hS9;|&(vlux>v1 f&H 71ff5P$]:rG\vz2448<G&MADES^GsBa,SI/%y3bO'+
[0] j>+jXB,S("y'.EZ!VMB8K^[V<a%dT qZX8F3Zl"|n{%}
27191,62280,192.168.0.205
[46] r >x!O%eyTOfl.$g0UQLH!6[p&pM&H9xbW.}B3e=hP&V^DY*yFV]Gl;S.G"4o
[46] ^}K[F8UEX_:BLO"|Jk$;u?qY18(.LYM,Yxg;LX`&:6Hf!edKR$#IDt>o/F u<g#1{
[0] fXgF_i2#mJ*X2cVV6+Q8Dd>pnd5+
[0] plNeU<x80_u^l ]w8\xm&1q?%6|]:{V,%@rZ\(r(#%"
[0] >6\'I0St3fHQ$SB\'HADyu)-UXn*2A[
[0] MwtFG(v:!pZ>E;xY-IjucD>+3NC4%%jm9a5zi-7'9
[0] mC%>4S^*;PW!a}gSsLw#a/Gb0O2)UBrD!wb5
[0] :JV>rwA6Q?As
[0] ,[_0$)!12)x")|$D;|tpHS19c8P#-7-S.(c22d^^)X`2
27191,62280,192.168.0.220
[46] J$Uq3uNH2L6"t(rJ-|=I|`@/;0)i1e8[&)hS;R|M NP0VDZ}B3bZt
[46] )l'_^}Sy^-DcH4&XFH).GqY/]iG1K)5U2<P,V?A6Lfyt6;h] .'a;zq
[46] 7y91H'`ryfM-vL2$\f$)e[.s-nSJUU](P2Ty96mO|<v0$EN{GS@.0N>X
[46] DYY-\/Ynvfq&SWU&
[46] 1|h5O8d@X2Lb-FP<B^}iI"(o.rW&n
[0] -)\KI.pOL#u-O|7oLB)4c%^&${+
[0] zdJ,74}UX$Hpcq[.p7}2M%]<.]-6^"cZfI"9]!+7?S)
[0] b?]eSHL6YfL[Z7bx&0P[8&DQyUeZjL?ik|PZG8,<!X4u+
28341,35933,192.168.0.220
[46] LG?C|Tz>rYLA+^VmTu`N,Go$.2;.=9ci`$HxXDS
[46] gqTZ4Ljp?$TDIzuP]t;S-"s$->qvE!8/r(%CTo5/sjTY"K+_A`NhcD
[46] @Vf?)caSH1G;CsVYV^f<`;
[46] "c"$r#J'tH)qo/F8%lE455NVO.6nI46f38j';P/L4RY%|!>=)}RX4"J}0`ntt@\*
[46] |et;zo,DZ%3bQ2;hJ]\
[0] D0>].`N#.QxS-d0\.fh-}WZBkv!4Qj=u
[0] m!jmx=BbZ@vj:FY,AGINzKXj::
[0] w-%mFo5{0$JYbmBDrotI;*\^(ce
[0] Y?."Sd:9l2(8sJK(^ZVs[qFv
[0] `ZYt5Otk(:@M&,`;
28341,35933,192.168.0.62
[46] HMmXAnlA0*aIfjGrWdEw.7dxfLw,B=Pj&?_GIg$sr"Xt(!h_
[46] Yh,)7u5N.,@ '(<:`y$y:$;*@GT&bZ6=DCFuTvEb$e}FnUzjj !'><K^c; 
[0] ddvulRF%oT&mRUmnsEIyaZ
[0] J39/ bk_^9?:B".?}In`MP=7ALL+*P/ncb} G&_A?:u{=%<VN,87vohS=6yaf*
[0] Y?HWt*33X7qu*@=HU&(b
[0] hX"1ARb^J Oe6cz[s,m;
[0] RYc[ZkZ3C&MTsg\dF#YRpF9ddu?%O>9>x9
[0] xFs>_8?|6lT6I#C p.2SWM2q3GY;:$C4d8mFj
[0] wq`;%US&jEtx0PZnJ}cn%z6X&6-ihY
[0] vA[MXAHdH77wjCy.W#5naOA>R5VJ]\,
28984,60092,192.168.0.13
[0] 2;rE=2aE@i]#y7yhK2MbaF[\:#;%1pTCHI%!u"FQ(?T#WO'$aTf^z^WParUrd
[0] g<#o0I@Pf5u,`\0s`Fq=ZkI#'s3e3C,6yIAE/buu3)>/!N>a1
[0] XJ47)WgV4p}id-, 67GcOCsz1'`n`/HTYwk
[0] &,/?oTxIr;j+$C=P>0.7y{C)*x8!SDDtPmO[CI@Q ,\>j5+DF9\[P;et691%^
28984,60092,192.168.0.130
[46] QIb4,+B]-"T,/zgGcoCv?+vye=|-sJx`tvu<$S51
[46] IOr;-VB!j["l!H
[0] T!alBJ8>s$ST9kQ5$z}@GM"i!TpO[T"2
[0] Gv_9[*P3'#Dlm_+aO"-#pY
[0] IpP6h_o;O>+6c|e0j
[0] ugvdD6H&VgGkbum4+!5a-Lc}h)S
[0] >vz$)_ +RMVv'esCb }`iH2d)FE}p(^K:tiCVjiDS[V
28984,60092,192.168.0.251
[0] :ar9M,c+XH4|<0
[0] 2;A/{P|o>+CBArvWw7:Xf%LhB[f
29820,31595,192.168.0.220
[46] {5?m^h>w>Tv.XAOc%(]XQ)&}H:HU.(j,XF580T1hDC28
[46] Ov^ p[LuGWF0%#='HBlT-qsg_MhJ!o:P#xksp9j9,Lc1P
[46] |%z7:k>Foh.v>OL7pI4m3=L7`p3*
[46] gHuV2a'0ei20UrZ/-XcjG@Lp^P`^M4yQ]-)on0!oy4!jBuyiO
[0] (Ke#LKu\HO".UY9}O[Neqw_SpxDwxSt= vZg]R_(=a6/VOHA
[0] gid?jY4fs{UIw1lj|'.7\,6Jn8%8'aW*M>ISwxU(u,QnX@[Vai)?1Z%".ET5(G?
[0] CVEJW"mQROL$8BXL?h%2:+qB,/A`UsG5L)y?+%qwTY7l
[0] ]Kk$cDbD[*j.y|%<}1Pw6gLP:Y;3'>/!%{%hA#H|-
[0] |bO(sj>}yHtr6$}[v`#eIY|477,iH6xG4d
[0] YWSU,AE4HSH$( l!.l+"
[0] ][&BPU!L'T&4\_GJ$B&76b[[*?2f.Nn'+uIufdC*;c>
[0] $F8za,jeAay.<+VGJWNc]Jk6as&Fu6fzv;2YG|@$yU27ahx-[H,;/wk,(q
[0] CtfK}z&_HUdrhZdm%;#y9q)ZN;1ycV.Bfune-0GUeGJi$JXCf[?!hbu8}(Mbxv&`)
[0] VaHkbc;4|)E;i afnGU&D74RqVLS}XbUVF\T,xi*=0
30788,33790,192.168.0.62
[46] .c8R!P1\AICjD5ZW!wUxa_^qM{A.F<on!CC<tn5Q9XXw)4PDG(>*#97PPXxv
[46] &+=gx0t%GIh^m2Zxyp'%ekZ9%rV\+e[L-45'^EGBn1"xDw.?%6^j=T?Bb1!*2
[0] iIX'}`>]y|3[HXgYB%i7Z00cl@sLdngOS\pm>1f9/y0Wmw2187c/b
[0] DZ?&.X#yp#OCY^*gW!  w\FcU1FB YU^6tdDi
[0] h|hsEbx9+[G?>;#cs]iaA)v 8Cm3
[0] c//=BT?!9}!OY}(F':E
30826,1951,192.168.0.13
[46] IyZi4`nLFs,Po0eC0}o}x#7{7'!xiBENW;Tk{D
[46] wqA#e*kyf)"S'3s"k@rY`3JlDy{Vr?D'2!*4,1IrTfa[yW]"3l[0!'8_
[46] vcv"u".MVvG,en/L4t%w!8COuKGD<}B5|:7tV`C/r&;YtdB*ZG#[y`
[0] |Q=G4nh_?Mn `#r"c1Vuc!eZkXBwt
[0] {Em9UUl0@&NIEOcWj`}?3
[0] Ls9b)n#=}(8*Qvy&vt\l2Xa{S`Z6IKevZ:tc*x#C"UMmMc0_Ylg'`
[0] N|ltT'x/5?3)Hg5Knc}?':?R9o[qr`"\^nSN2MwGmFQ70"|:e{Y(
[0] ndaj%Yr)fvn7S6mCxtAqZu;C->xL``9P
30826,1951,192.168.0.130
[46] %J+v MWN<_H o=G@a7s@G}E P{
[46] Dl0b:$o\eBPubL8,!mRwxC[)t(N
[0] o332GeP}Ch6`q}xT2Ecbi_Fn' F?{`K)/y;q`(p%,B!}B5nn[SR`N4PoOv1fY
[0] JNqrcxiK'l{=qdCq.@gY
[0] Dy#j{Cm+P9C3(^Y7yk_6)Z_oU&L&g>*GS-
[0] B Y./JB T}GTRtG{"]lOT7+N[y& cCv']kO)7-)'Fjuxa>2}7:hlQsV.o\/n
[0] 9KV2#i9\K`N>w|:jIZ{.1<uk/->+5+sOVKatP{R{w<U,:,v}"0.3L? [LX"|cuMV\
[0] 9(AA-s;ADR4lts!c$-z<y (x&p2.W@X-byN+n%MNr{=hpXM1edMzdUtkGCy;c
[0] U;e=Q24B}V>$`qT&r5(g
30826,1951,192.168.0.182
[46] ud6QN)EmB?v9wEcK"%
[46] x$v>yoKlIx_Iz_/a>[?0F`(p"6AsNm8b-J#(UN0 bpJ_QsB,Qa<w^_j
[46] mja]'rIT\4XU@(WUy-]\FzNT`:H"k{ZZg=9*K|xC3m5SulD
[46] "4R aYSn_m"?v;zjC-FGmN8HQ6Q{".|>BjX&_-t@62`HNv4q?t:
[46] jbt(5QYVP'HnrI;Vo_M*Vl!>3NhI>WDD;TgjBB\rc'bWP
[46] >)gi0*GQOi!k\C2G5g12Y,u:O(fxE;$}D'$n2LA{Q\h/"7W7 $
[46] {vu;?va]baOmaQKSY<MA*w<"u93JM1+KC""b4d[3aF"_wg4R%{/JtKLl yRNFw5i57gI
[0] >VhTC2 DDP%tn)!*[8xl<D=ca=#|x8zR* )M2C-Vs2fd
[0] rJv=h`2BUA2_f:!*(Y_t^_]\HZ5lvlZ'8lD<iWx@4-!6a=@iv;zpzsi
[0] I,jw{i&rP.'5;&:6":)QLG@nO">(0das-gl*R.8><@TX`**|^Mi-u+7`GphqVef
30826,1951,192.168.0.220
[46] M&@/TmMN 5U{I^+
[46] ;in*PQN>L?.gZOr4J9v2P{mpm>hu goVmz`?MJx6&B}`--0qGC%wZ.%IM)
[46] =j:b/rc+3! m'59 o/S:,+*ip<().h<eTqc}eH*xIE#jZ=jKfZ!.!,w
[46] eS `DTaV/pP*8`5;Zen7+'r?
[46] Ku/>dKgA<:yz*3(O%=c
[0] =H;1s+%JfNR6bUCp\t#f$>E/p{an%&f\h=m^
[0] P[;EzC|L).|Sxu1F]J7
[0] ,r^es=D|ncry S]
30826,1951,192.168.0.62
[46] =[ozU+?RldCul[sq*Lt+&01K,
[46] d#TREAd>{#AX!qzh{Erf]!^'
[46] '^2@dhri B$2^7er= V_R`@?r;3/I@$P:Qq:U!%UCC#$
[46] Qp@Z(UA<k\P}!p' Z=QfD`{n=j!
[46] HD{"WdDv!C QcjbVN\}1dPe| 
[0] jEL3|A%<1nL{05jr|oUFfQ'2MW/W_$qKJ?xHz9 .DfET72H6#9\&j
[0] Ld5PDr|\r`Z3ePFrj` NjT=$LwI}5
[0] yk]LgdU\5/ZJ0[ib`yP|
[0] VbF!pXR.TrCDS>yLrH*1sYM*.^g
31557,50282,192.168.0.13
[46] 9)Np*z]/4#\#,V6B"1]w[:.%IY'Aj-f%761A3*Pa.H : 7\<bUP
[46] PgSV+'YyoW#SecJhE6o{/
[0] `p7z0rk=E'0v%^Yyt=_kdgZGb/FTMmzI`4`,(MIgot_0T;,JXkQYnG"RVbB%Q?iMSKZ
[0] GOB]QHhUMcJn/^w)xfV(ueoBUv1!I5;p
[0] 8%9s'JWTP+iXLb)8f^Xm{\ _]e]{yG)MfCBm)yDY@IMl-VAtP5}Nq:/P!(N6PqdR
[0] J[mP5NTays@<A065@(:
[0] ow+]+^j=p@M$q??kQ^9z]
31557,50282,192.168.0.251
[46] [IIc$3>36`qVyW}&!*!Do:!Aj]gDCz.:Eq:J@XwpU'Hj^bqyl.
[46] ^]-PmdD[f|XS-R0#14Js8uwg(}R0Oc
[46] a!Ce"Yc%HrE>6eo@6&{>rV\Cy[/Gbc|EeAF#zEB_9g9jh*
[46] Tqp?fJx2&\&x#4 yY?qYi+jmjz2%_9bO-Uo/!iAAba<e
[46] d#/ru"4eeN"clR2E?;o$- 0^ys:TW4X=7#KH%yI
[46] M:gpqAs#CaFI/3PmCpiVX|oa$w6ZX^3
[46] &@SOSH6tfrfi-`h}x^^?iF;u
[46] Uh|1j7I#T& j$l\B?rR])8UU8UOdIr_ \wKb0ued{!j")H^IVLB` 
[0] Eh`XY_gm\UQ 0Q<eTdD1aP'Yy@b$xZ
[0] =g>%wZ<?YH-M@2+1| ]=fD%TzBAW<gYYQ
[0] r\k"^6d-.0#XxgFATv+e*&!bq/-
[0] 7*bjC.RUx/9;tKoP.[z!XCDo1EVuOIGfmEm2S[$M&W%6$0fLkbgEA-QRR)J=
[0] !R<86*+Q#?{(EF]H &ttR
[0]  TBHmP""t3N56WH(Xg\mpVOgLUACu
[0] e11VToZXf_'z +or,@&!Gf?w$bytr+"YVN2,Y(!Ag(=#MHuYh8ZK:zD?xZO)
[0] NR F6#3jz9 R=_{OVA`L7>S.D|0Cj'1TsKzENILebfS"
31557,50282,192.168.0.9
[46] /Va^4!O/KT_kcrVYV0JFB
[46] )14*9/;+fZq&%|pq-up{Cq.,*%ZRP5
[0] uQVI1kUP#SZ/fBrQ6MsTH7GiH\
[0] ]IJ<Si6gcREfiT[6*JlY%a_:%&\=ikkc6R!%=Q(<%N$+>z[cFI>eF}!e?w$E ,*
[0] u@^)uyzl/GA:%*nG('"z}RV j];-n(PebJ*YE&HUh%+)I5Pl=Rh<'
[0] !0{'*xzE:5^Y0xKVvQv_0Z7oBar
[0] )+s,DyuhA24d'l_Yi,$2 uXpc!&wePSn[b7!]Hi:
[0] )'Fq=OiBk;KhnAj"oK@Q2$tI.zD8@1tcR=ppl\Nswyw$Wd@HK`y^ o
[0] B`%)BOH.+`R'@6HQ_.&jBc<5}:_#pYdN;%W]T!ly|Z">pJ
31605,13598,192.168.0.13
[46] N.w_vefnUhQ%O2rd<kgmQ36/lFfK"/yP=.KPs4Ze|-&M?xMu!QdRd6al\
[46] *+?@{ |&E( U ^5f>:B
[46] Rh'Xp=6vLX6\LCdxJB ,@r_hgdzRIcT7N[
[46] _*N)%(hX+$sNcnJM?V3>+AH|^!FDZnTU5>_TFc.kg=<f-f5fXH&}jh7
[46] lX![P<?$|k2}yJSrOnb3i[+k1-/FjkprE-Ouc*
[0] :YWy32^OXVA.5]Y<aUj!Dua ^E*NIlPcGC_
[0] DL_q%<z]9K{}v#8D("r4Vjku)9sa.^zR,u_KM[*gBA"UDTyLVmzHYgY|
[0] }L$6>"?]x+;N+zb=Gc[gloFp0}@U^qU]?t
[0] Q%FDY!lY#kcq*9Yd;K airyj8du2VJO*j1hELV:P] ChS8Nnch
[0]  ;]cOu;_20{32HHnPFH94-ex2M@,hPK$kEg<V?7hiN||v
31605,13598,192.168.0.130
[46] z7EX}A.s1&zeh=Mbcq`#q35eLKl|"i1|<
[46] <nE"H1Pc%BECKn3gxGWxN3/SSuZxI((evMgZxS?:1 w]+,`?S99=fb
[46] F4%"('P=RN@F$:KDIO51mO}Hq"
[0] t-Q73z#S6#?#}(r{{%`67h`m(+I{M6LDD9uqO4ae7"$P+2g(Rd
[0] ED@-tpq6'B<Fp?\=
[0] b@).3Hj;*]rB
[0] 2BW`Xc1d!q-X<w"jJTYXL<.j)uR3\k%nIvj=u{=woekG^mN*^)},_-2h?!{
[0] <6(3T!`E PXs4@&$>q\00><8't`
[0] YQ1(C,a7i]zuGP&;tNyW RGFoE
[0] [w@|=GLg|GUo"V.ebPa/fEwU5:WMBd6}^p|79d;Q.pB0HjuFVsV>
31605,13598,192.168.0.220
[0] DHuyL{cR1Y-<YKxWD3kBFsy,f0"zy=GYf>UNVT"g0I&%0:\n
[0] zz@,g2j+xXR_X5!;&E]hp[|<&RmR0C{G@WmC&Yi:
[0] 9,K3Ob/J!DP7d8x03I3?z|+t7>"cC/Dv;pEjnTPp4=)4U=^h#qC}pO/Cm1(MZf
[0] )z\J4A[|2=i,4a^iCN3I>h:Va5"c\A
[0] vB1_;p0hEYb,;8s"|!!p$CL^c%I6& d|Buw]gCHI|FUS_eVwfq%&6Q
[0] m.hDTf[o."3?aKT\lZz*#94.gi72u)- Ru^(w
[0] "TSo9UQ)u7}o;CjpUVy=an7+va]0t2N2"=$UrU_jlxuD
